[0.568s] DEBUG:colcon:Command line arguments: ['/usr/bin/colcon', 'build']
[0.568s] DEBUG:colcon:Parsed command line arguments: Namespace(log_base=None, log_level=None, verb_name='build', build_base='build', install_base='install', merge_install=False, symlink_install=False, test_result_base=None, continue_on_error=False, executor='parallel', parallel_workers=4, event_handlers=None, ignore_user_meta=False, metas=['./colcon.meta'], base_paths=['.'], packages_ignore=None, packages_ignore_regex=None, paths=None, packages_up_to=None, packages_up_to_regex=None, packages_above=None, packages_above_and_dependencies=None, packages_above_depth=None, packages_select_by_dep=None, packages_skip_by_dep=None, packages_skip_up_to=None, packages_select_build_failed=False, packages_skip_build_finished=False, packages_select_test_failures=False, packages_skip_test_passed=False, packages_select=None, packages_skip=None, packages_select_regex=None, packages_skip_regex=None, packages_start=None, packages_end=None, allow_overriding=[], cmake_args=None, cmake_target=None, cmake_target_skip_unavailable=False, cmake_clean_cache=False, cmake_clean_first=False, cmake_force_configure=False, ament_cmake_args=None, catkin_cmake_args=None, catkin_skip_building_tests=False, mixin_files=None, mixin=None, verb_parser=<colcon_mixin.mixin.mixin_argument.MixinArgumentDecorator object at 0x7107fa7d26b0>, verb_extension=<colcon_core.verb.build.BuildVerb object at 0x7107fa7d2200>, main=<bound method BuildVerb.main of <colcon_core.verb.build.BuildVerb object at 0x7107fa7d2200>>, mixin_verb=('build',))
[1.143s] Level 1:colcon.colcon_core.package_discovery:discover_packages(colcon_meta) check parameters
[1.143s] Level 1:colcon.colcon_core.package_discovery:discover_packages(recursive) check parameters
[1.143s] Level 1:colcon.colcon_core.package_discovery:discover_packages(ignore) check parameters
[1.143s] Level 1:colcon.colcon_core.package_discovery:discover_packages(path) check parameters
[1.143s] Level 1:colcon.colcon_core.package_discovery:discover_packages(colcon_meta) discover
[1.143s] Level 1:colcon.colcon_core.package_discovery:discover_packages(recursive) discover
[1.143s] INFO:colcon.colcon_core.package_discovery:Crawling recursively for packages in '/home/razanhmede/session6_assignment-razan/session6_assignment'
[1.144s] Level 1:colcon.colcon_core.package_identification:_identify(.) by extensions ['ignore', 'ignore_ament_install']
[1.144s] Level 1:colcon.colcon_core.package_identification:_identify(.) by extension 'ignore'
[1.144s] Level 1:colcon.colcon_core.package_identification:_identify(.) by extension 'ignore_ament_install'
[1.144s] Level 1:colcon.colcon_core.package_identification:_identify(.) by extensions ['colcon_pkg']
[1.144s] Level 1:colcon.colcon_core.package_identification:_identify(.) by extension 'colcon_pkg'
[1.144s] Level 1:colcon.colcon_core.package_identification:_identify(.) by extensions ['colcon_meta']
[1.144s] Level 1:colcon.colcon_core.package_identification:_identify(.) by extension 'colcon_meta'
[1.144s] Level 1:colcon.colcon_core.package_identification:_identify(.) by extensions ['ros']
[1.144s] Level 1:colcon.colcon_core.package_identification:_identify(.) by extension 'ros'
[1.213s] Level 1:colcon.colcon_core.package_identification:_identify(.) by extensions ['cmake', 'python']
[1.213s] Level 1:colcon.colcon_core.package_identification:_identify(.) by extension 'cmake'
[1.213s] Level 1:colcon.colcon_core.package_identification:_identify(.) by extension 'python'
[1.214s] Level 1:colcon.colcon_core.package_identification:_identify(.) by extensions ['python_setup_py']
[1.214s] Level 1:colcon.colcon_core.package_identification:_identify(.) by extension 'python_setup_py'
[1.214s] Level 1:colcon.colcon_core.package_identification:_identify(build) by extensions ['ignore', 'ignore_ament_install']
[1.215s] Level 1:colcon.colcon_core.package_identification:_identify(build) by extension 'ignore'
[1.215s] Level 1:colcon.colcon_core.package_identification:_identify(build) ignored
[1.216s] Level 1:colcon.colcon_core.package_identification:_identify(install) by extensions ['ignore', 'ignore_ament_install']
[1.217s] Level 1:colcon.colcon_core.package_identification:_identify(install) by extension 'ignore'
[1.217s] Level 1:colcon.colcon_core.package_identification:_identify(install) ignored
[1.217s] Level 1:colcon.colcon_core.package_identification:_identify(log) by extensions ['ignore', 'ignore_ament_install']
[1.218s] Level 1:colcon.colcon_core.package_identification:_identify(log) by extension 'ignore'
[1.218s] Level 1:colcon.colcon_core.package_identification:_identify(log) ignored
[1.218s] Level 1:colcon.colcon_core.package_identification:_identify(src) by extensions ['ignore', 'ignore_ament_install']
[1.218s] Level 1:colcon.colcon_core.package_identification:_identify(src) by extension 'ignore'
[1.218s] Level 1:colcon.colcon_core.package_identification:_identify(src) by extension 'ignore_ament_install'
[1.219s] Level 1:colcon.colcon_core.package_identification:_identify(src) by extensions ['colcon_pkg']
[1.219s] Level 1:colcon.colcon_core.package_identification:_identify(src) by extension 'colcon_pkg'
[1.219s] Level 1:colcon.colcon_core.package_identification:_identify(src) by extensions ['colcon_meta']
[1.219s] Level 1:colcon.colcon_core.package_identification:_identify(src) by extension 'colcon_meta'
[1.219s] Level 1:colcon.colcon_core.package_identification:_identify(src) by extensions ['ros']
[1.219s] Level 1:colcon.colcon_core.package_identification:_identify(src) by extension 'ros'
[1.219s] Level 1:colcon.colcon_core.package_identification:_identify(src) by extensions ['cmake', 'python']
[1.220s] Level 1:colcon.colcon_core.package_identification:_identify(src) by extension 'cmake'
[1.220s] Level 1:colcon.colcon_core.package_identification:_identify(src) by extension 'python'
[1.220s] Level 1:colcon.colcon_core.package_identification:_identify(src) by extensions ['python_setup_py']
[1.220s] Level 1:colcon.colcon_core.package_identification:_identify(src) by extension 'python_setup_py'
[1.221s] Level 1:colcon.colcon_core.package_identification:_identify(src/customized_interfaces) by extensions ['ignore', 'ignore_ament_install']
[1.221s] Level 1:colcon.colcon_core.package_identification:_identify(src/customized_interfaces) by extension 'ignore'
[1.221s] Level 1:colcon.colcon_core.package_identification:_identify(src/customized_interfaces) by extension 'ignore_ament_install'
[1.222s] Level 1:colcon.colcon_core.package_identification:_identify(src/customized_interfaces) by extensions ['colcon_pkg']
[1.222s] Level 1:colcon.colcon_core.package_identification:_identify(src/customized_interfaces) by extension 'colcon_pkg'
[1.223s] Level 1:colcon.colcon_core.package_identification:_identify(src/customized_interfaces) by extensions ['colcon_meta']
[1.223s] Level 1:colcon.colcon_core.package_identification:_identify(src/customized_interfaces) by extension 'colcon_meta'
[1.223s] Level 1:colcon.colcon_core.package_identification:_identify(src/customized_interfaces) by extensions ['ros']
[1.223s] Level 1:colcon.colcon_core.package_identification:_identify(src/customized_interfaces) by extension 'ros'
[1.237s] DEBUG:colcon.colcon_core.package_identification:Package 'src/customized_interfaces' with type 'ros.ament_cmake' and name 'customized_interfaces'
[1.237s] Level 1:colcon.colcon_core.package_identification:_identify(src/warehouse_robot) by extensions ['ignore', 'ignore_ament_install']
[1.238s] Level 1:colcon.colcon_core.package_identification:_identify(src/warehouse_robot) by extension 'ignore'
[1.238s] Level 1:colcon.colcon_core.package_identification:_identify(src/warehouse_robot) by extension 'ignore_ament_install'
[1.238s] Level 1:colcon.colcon_core.package_identification:_identify(src/warehouse_robot) by extensions ['colcon_pkg']
[1.238s] Level 1:colcon.colcon_core.package_identification:_identify(src/warehouse_robot) by extension 'colcon_pkg'
[1.238s] Level 1:colcon.colcon_core.package_identification:_identify(src/warehouse_robot) by extensions ['colcon_meta']
[1.238s] Level 1:colcon.colcon_core.package_identification:_identify(src/warehouse_robot) by extension 'colcon_meta'
[1.239s] Level 1:colcon.colcon_core.package_identification:_identify(src/warehouse_robot) by extensions ['ros']
[1.239s] Level 1:colcon.colcon_core.package_identification:_identify(src/warehouse_robot) by extension 'ros'
[1.240s] DEBUG:colcon.colcon_core.package_identification:Package 'src/warehouse_robot' with type 'ros.ament_python' and name 'warehouse_robot'
[1.240s] Level 1:colcon.colcon_core.package_discovery:discover_packages(recursive) using defaults
[1.240s] Level 1:colcon.colcon_core.package_discovery:discover_packages(ignore) discover
[1.240s] Level 1:colcon.colcon_core.package_discovery:discover_packages(ignore) using defaults
[1.240s] Level 1:colcon.colcon_core.package_discovery:discover_packages(path) discover
[1.240s] Level 1:colcon.colcon_core.package_discovery:discover_packages(path) using defaults
[1.354s] Level 1:colcon.colcon_core.package_discovery:discover_packages(prefix_path) check parameters
[1.355s] Level 1:colcon.colcon_core.package_discovery:discover_packages(prefix_path) discover
[1.357s] DEBUG:colcon.colcon_installed_package_information.package_discovery:Found 1 installed packages in /home/razanhmede/session6_assignment-razan/session6_assignment/install
[1.358s] DEBUG:colcon.colcon_installed_package_information.package_discovery:Found 270 installed packages in /opt/ros/humble
[1.360s] Level 1:colcon.colcon_core.package_discovery:discover_packages(prefix_path) using defaults
[2.233s] Level 5:colcon.colcon_core.verb:set package 'customized_interfaces' build argument 'cmake_args' from command line to 'None'
[2.234s] Level 5:colcon.colcon_core.verb:set package 'customized_interfaces' build argument 'cmake_target' from command line to 'None'
[2.234s] Level 5:colcon.colcon_core.verb:set package 'customized_interfaces' build argument 'cmake_target_skip_unavailable' from command line to 'False'
[2.234s] Level 5:colcon.colcon_core.verb:set package 'customized_interfaces' build argument 'cmake_clean_cache' from command line to 'False'
[2.234s] Level 5:colcon.colcon_core.verb:set package 'customized_interfaces' build argument 'cmake_clean_first' from command line to 'False'
[2.234s] Level 5:colcon.colcon_core.verb:set package 'customized_interfaces' build argument 'cmake_force_configure' from command line to 'False'
[2.234s] Level 5:colcon.colcon_core.verb:set package 'customized_interfaces' build argument 'ament_cmake_args' from command line to 'None'
[2.234s] Level 5:colcon.colcon_core.verb:set package 'customized_interfaces' build argument 'catkin_cmake_args' from command line to 'None'
[2.235s] Level 5:colcon.colcon_core.verb:set package 'customized_interfaces' build argument 'catkin_skip_building_tests' from command line to 'False'
[2.235s] DEBUG:colcon.colcon_core.verb:Building package 'customized_interfaces' with the following arguments: {'ament_cmake_args': None, 'build_base': '/home/razanhmede/session6_assignment-razan/session6_assignment/build/customized_interfaces', 'catkin_cmake_args': None, 'catkin_skip_building_tests': False, 'cmake_args': None, 'cmake_clean_cache': False, 'cmake_clean_first': False, 'cmake_force_configure': False, 'cmake_target': None, 'cmake_target_skip_unavailable': False, 'install_base': '/home/razanhmede/session6_assignment-razan/session6_assignment/install/customized_interfaces', 'merge_install': False, 'path': '/home/razanhmede/session6_assignment-razan/session6_assignment/src/customized_interfaces', 'symlink_install': False, 'test_result_base': None}
[2.235s] Level 5:colcon.colcon_core.verb:set package 'warehouse_robot' build argument 'cmake_args' from command line to 'None'
[2.235s] Level 5:colcon.colcon_core.verb:set package 'warehouse_robot' build argument 'cmake_target' from command line to 'None'
[2.235s] Level 5:colcon.colcon_core.verb:set package 'warehouse_robot' build argument 'cmake_target_skip_unavailable' from command line to 'False'
[2.236s] Level 5:colcon.colcon_core.verb:set package 'warehouse_robot' build argument 'cmake_clean_cache' from command line to 'False'
[2.236s] Level 5:colcon.colcon_core.verb:set package 'warehouse_robot' build argument 'cmake_clean_first' from command line to 'False'
[2.236s] Level 5:colcon.colcon_core.verb:set package 'warehouse_robot' build argument 'cmake_force_configure' from command line to 'False'
[2.236s] Level 5:colcon.colcon_core.verb:set package 'warehouse_robot' build argument 'ament_cmake_args' from command line to 'None'
[2.236s] Level 5:colcon.colcon_core.verb:set package 'warehouse_robot' build argument 'catkin_cmake_args' from command line to 'None'
[2.236s] Level 5:colcon.colcon_core.verb:set package 'warehouse_robot' build argument 'catkin_skip_building_tests' from command line to 'False'
[2.236s] DEBUG:colcon.colcon_core.verb:Building package 'warehouse_robot' with the following arguments: {'ament_cmake_args': None, 'build_base': '/home/razanhmede/session6_assignment-razan/session6_assignment/build/warehouse_robot', 'catkin_cmake_args': None, 'catkin_skip_building_tests': False, 'cmake_args': None, 'cmake_clean_cache': False, 'cmake_clean_first': False, 'cmake_force_configure': False, 'cmake_target': None, 'cmake_target_skip_unavailable': False, 'install_base': '/home/razanhmede/session6_assignment-razan/session6_assignment/install/warehouse_robot', 'merge_install': False, 'path': '/home/razanhmede/session6_assignment-razan/session6_assignment/src/warehouse_robot', 'symlink_install': False, 'test_result_base': None}
[2.237s] INFO:colcon.colcon_core.executor:Executing jobs using 'parallel' executor
[2.238s] DEBUG:colcon.colcon_parallel_executor.executor.parallel:run_until_complete
[2.239s] INFO:colcon.colcon_ros.task.ament_cmake.build:Building ROS package in '/home/razanhmede/session6_assignment-razan/session6_assignment/src/customized_interfaces' with build type 'ament_cmake'
[2.239s] INFO:colcon.colcon_cmake.task.cmake.build:Building CMake package in '/home/razanhmede/session6_assignment-razan/session6_assignment/src/customized_interfaces'
[2.244s] INFO:colcon.colcon_core.plugin_system:Skipping extension 'colcon_core.shell.bat': Not used on non-Windows systems
[2.244s] INFO:colcon.colcon_core.shell:Skip shell extension 'powershell' for command environment: Not usable outside of PowerShell
[2.244s] DEBUG:colcon.colcon_core.shell:Skip shell extension 'dsv' for command environment
[2.263s] INFO:colcon.colcon_ros.task.ament_python.build:Building ROS package in '/home/razanhmede/session6_assignment-razan/session6_assignment/src/warehouse_robot' with build type 'ament_python'
[2.263s] Level 1:colcon.colcon_core.shell:create_environment_hook('warehouse_robot', 'ament_prefix_path')
[2.264s] INFO:colcon.colcon_core.shell:Creating environment hook '/home/razanhmede/session6_assignment-razan/session6_assignment/install/warehouse_robot/share/warehouse_robot/hook/ament_prefix_path.ps1'
[2.265s] INFO:colcon.colcon_core.shell:Creating environment descriptor '/home/razanhmede/session6_assignment-razan/session6_assignment/install/warehouse_robot/share/warehouse_robot/hook/ament_prefix_path.dsv'
[2.266s] INFO:colcon.colcon_core.shell:Creating environment hook '/home/razanhmede/session6_assignment-razan/session6_assignment/install/warehouse_robot/share/warehouse_robot/hook/ament_prefix_path.sh'
[2.279s] INFO:colcon.colcon_core.shell:Skip shell extension 'powershell' for command environment: Not usable outside of PowerShell
[2.279s] DEBUG:colcon.colcon_core.shell:Skip shell extension 'dsv' for command environment
[2.323s] DEBUG:colcon.colcon_core.event_handler.log_command:Invoking command in '/home/razanhmede/session6_assignment-razan/session6_assignment/build/customized_interfaces': CMAKE_PREFIX_PATH=/home/razanhmede/session6_assignment-razan/session6_assignment/install/warehouse_robot:/opt/ros/humble /usr/bin/cmake /home/razanhmede/session6_assignment-razan/session6_assignment/src/customized_interfaces -DCMAKE_INSTALL_PREFIX=/home/razanhmede/session6_assignment-razan/session6_assignment/install/customized_interfaces
[2.687s] INFO:colcon.colcon_core.task.python.build:Building Python package in '/home/razanhmede/session6_assignment-razan/session6_assignment/src/warehouse_robot'
[2.688s] INFO:colcon.colcon_core.shell:Skip shell extension 'powershell' for command environment: Not usable outside of PowerShell
[2.688s] DEBUG:colcon.colcon_core.shell:Skip shell extension 'dsv' for command environment
[3.666s] DEBUG:colcon.colcon_core.event_handler.log_command:Invoking command in '/home/razanhmede/session6_assignment-razan/session6_assignment/src/warehouse_robot': PYTHONPATH=/home/razanhmede/session6_assignment-razan/session6_assignment/build/warehouse_robot/prefix_override:/usr/lib/python3/dist-packages/colcon_core/task/python/colcon_distutils_commands:/home/razanhmede/session6_assignment-razan/session6_assignment/install/warehouse_robot/lib/python3.10/site-packages:${PYTHONPATH} /usr/bin/python3 -W ignore:setup.py install is deprecated setup.py egg_info --egg-base ../../build/warehouse_robot build --build-base /home/razanhmede/session6_assignment-razan/session6_assignment/build/warehouse_robot/build install --record /home/razanhmede/session6_assignment-razan/session6_assignment/build/warehouse_robot/install.log --single-version-externally-managed install_data
[4.044s] DEBUG:colcon.colcon_core.event_handler.log_command:Invoked command in '/home/razanhmede/session6_assignment-razan/session6_assignment/src/warehouse_robot' returned '0': PYTHONPATH=/home/razanhmede/session6_assignment-razan/session6_assignment/build/warehouse_robot/prefix_override:/usr/lib/python3/dist-packages/colcon_core/task/python/colcon_distutils_commands:/home/razanhmede/session6_assignment-razan/session6_assignment/install/warehouse_robot/lib/python3.10/site-packages:${PYTHONPATH} /usr/bin/python3 -W ignore:setup.py install is deprecated setup.py egg_info --egg-base ../../build/warehouse_robot build --build-base /home/razanhmede/session6_assignment-razan/session6_assignment/build/warehouse_robot/build install --record /home/razanhmede/session6_assignment-razan/session6_assignment/build/warehouse_robot/install.log --single-version-externally-managed install_data
[4.061s] Level 1:colcon.colcon_core.environment:checking '/home/razanhmede/session6_assignment-razan/session6_assignment/install/warehouse_robot' for CMake module files
[4.061s] Level 1:colcon.colcon_core.environment:checking '/home/razanhmede/session6_assignment-razan/session6_assignment/install/warehouse_robot' for CMake config files
[4.062s] Level 1:colcon.colcon_core.environment:checking '/home/razanhmede/session6_assignment-razan/session6_assignment/install/warehouse_robot/lib'
[4.062s] Level 1:colcon.colcon_core.environment:checking '/home/razanhmede/session6_assignment-razan/session6_assignment/install/warehouse_robot/bin'
[4.062s] Level 1:colcon.colcon_core.environment:checking '/home/razanhmede/session6_assignment-razan/session6_assignment/install/warehouse_robot/lib/pkgconfig/warehouse_robot.pc'
[4.062s] Level 1:colcon.colcon_core.environment:checking '/home/razanhmede/session6_assignment-razan/session6_assignment/install/warehouse_robot/lib/python3.10/site-packages'
[4.062s] Level 1:colcon.colcon_core.shell:create_environment_hook('warehouse_robot', 'pythonpath')
[4.062s] INFO:colcon.colcon_core.shell:Creating environment hook '/home/razanhmede/session6_assignment-razan/session6_assignment/install/warehouse_robot/share/warehouse_robot/hook/pythonpath.ps1'
[4.063s] INFO:colcon.colcon_core.shell:Creating environment descriptor '/home/razanhmede/session6_assignment-razan/session6_assignment/install/warehouse_robot/share/warehouse_robot/hook/pythonpath.dsv'
[4.063s] INFO:colcon.colcon_core.shell:Creating environment hook '/home/razanhmede/session6_assignment-razan/session6_assignment/install/warehouse_robot/share/warehouse_robot/hook/pythonpath.sh'
[4.064s] Level 1:colcon.colcon_core.environment:checking '/home/razanhmede/session6_assignment-razan/session6_assignment/install/warehouse_robot/bin'
[4.064s] Level 1:colcon.colcon_core.environment:create_environment_scripts_only(warehouse_robot)
[4.064s] INFO:colcon.colcon_core.shell:Creating package script '/home/razanhmede/session6_assignment-razan/session6_assignment/install/warehouse_robot/share/warehouse_robot/package.ps1'
[4.096s] INFO:colcon.colcon_core.shell:Creating package descriptor '/home/razanhmede/session6_assignment-razan/session6_assignment/install/warehouse_robot/share/warehouse_robot/package.dsv'
[4.098s] INFO:colcon.colcon_core.shell:Creating package script '/home/razanhmede/session6_assignment-razan/session6_assignment/install/warehouse_robot/share/warehouse_robot/package.sh'
[4.100s] INFO:colcon.colcon_core.shell:Creating package script '/home/razanhmede/session6_assignment-razan/session6_assignment/install/warehouse_robot/share/warehouse_robot/package.bash'
[4.118s] INFO:colcon.colcon_core.shell:Creating package script '/home/razanhmede/session6_assignment-razan/session6_assignment/install/warehouse_robot/share/warehouse_robot/package.zsh'
[4.121s] Level 1:colcon.colcon_core.environment:create_file_with_runtime_dependencies(/home/razanhmede/session6_assignment-razan/session6_assignment/install/warehouse_robot/share/colcon-core/packages/warehouse_robot)
[5.284s] DEBUG:colcon.colcon_core.event_handler.log_command:Invoked command in '/home/razanhmede/session6_assignment-razan/session6_assignment/build/customized_interfaces' returned '1': CMAKE_PREFIX_PATH=/home/razanhmede/session6_assignment-razan/session6_assignment/install/warehouse_robot:/opt/ros/humble /usr/bin/cmake /home/razanhmede/session6_assignment-razan/session6_assignment/src/customized_interfaces -DCMAKE_INSTALL_PREFIX=/home/razanhmede/session6_assignment-razan/session6_assignment/install/customized_interfaces
[5.298s] Level 1:colcon.colcon_core.environment:create_environment_scripts_only(customized_interfaces)
[5.298s] Level 1:colcon.colcon_core.environment:checking '/home/razanhmede/session6_assignment-razan/session6_assignment/install/customized_interfaces' for CMake module files
[5.298s] Level 1:colcon.colcon_core.environment:checking '/home/razanhmede/session6_assignment-razan/session6_assignment/install/customized_interfaces' for CMake config files
[5.299s] Level 1:colcon.colcon_core.environment:checking '/home/razanhmede/session6_assignment-razan/session6_assignment/install/customized_interfaces/bin'
[5.299s] Level 1:colcon.colcon_core.environment:checking '/home/razanhmede/session6_assignment-razan/session6_assignment/install/customized_interfaces/lib/pkgconfig/customized_interfaces.pc'
[5.300s] Level 1:colcon.colcon_core.environment:checking '/home/razanhmede/session6_assignment-razan/session6_assignment/install/customized_interfaces/lib/python3.10/site-packages'
[5.300s] Level 1:colcon.colcon_core.environment:checking '/home/razanhmede/session6_assignment-razan/session6_assignment/install/customized_interfaces/bin'
[5.301s] INFO:colcon.colcon_core.shell:Creating package script '/home/razanhmede/session6_assignment-razan/session6_assignment/install/customized_interfaces/share/customized_interfaces/package.ps1'
[5.301s] INFO:colcon.colcon_core.shell:Creating package descriptor '/home/razanhmede/session6_assignment-razan/session6_assignment/install/customized_interfaces/share/customized_interfaces/package.dsv'
[5.302s] INFO:colcon.colcon_core.shell:Creating package script '/home/razanhmede/session6_assignment-razan/session6_assignment/install/customized_interfaces/share/customized_interfaces/package.sh'
[5.303s] INFO:colcon.colcon_core.shell:Creating package script '/home/razanhmede/session6_assignment-razan/session6_assignment/install/customized_interfaces/share/customized_interfaces/package.bash'
[5.304s] INFO:colcon.colcon_core.shell:Creating package script '/home/razanhmede/session6_assignment-razan/session6_assignment/install/customized_interfaces/share/customized_interfaces/package.zsh'
[5.304s] Level 1:colcon.colcon_core.environment:create_file_with_runtime_dependencies(/home/razanhmede/session6_assignment-razan/session6_assignment/install/customized_interfaces/share/colcon-core/packages/customized_interfaces)
[5.315s] DEBUG:colcon.colcon_parallel_executor.executor.parallel:closing loop
[5.316s] DEBUG:colcon.colcon_parallel_executor.executor.parallel:loop closed
[5.316s] DEBUG:colcon.colcon_parallel_executor.executor.parallel:run_until_complete finished with '1'
[5.316s] DEBUG:colcon.colcon_core.event_reactor:joining thread
[5.344s] INFO:colcon.colcon_core.plugin_system:Skipping extension 'colcon_notification.desktop_notification.terminal_notifier': Not used on non-Darwin systems
[5.345s] INFO:colcon.colcon_core.plugin_system:Skipping extension 'colcon_notification.desktop_notification.win32': Not used on non-Windows systems
[5.345s] INFO:colcon.colcon_notification.desktop_notification:Sending desktop notification using 'notify2'
[5.358s] DEBUG:colcon.colcon_core.event_reactor:joined thread
[5.359s] INFO:colcon.colcon_core.shell:Creating prefix script '/home/razanhmede/session6_assignment-razan/session6_assignment/install/local_setup.ps1'
[5.365s] INFO:colcon.colcon_core.shell:Creating prefix util module '/home/razanhmede/session6_assignment-razan/session6_assignment/install/_local_setup_util_ps1.py'
[5.369s] INFO:colcon.colcon_core.shell:Creating prefix chain script '/home/razanhmede/session6_assignment-razan/session6_assignment/install/setup.ps1'
[5.372s] INFO:colcon.colcon_core.shell:Creating prefix script '/home/razanhmede/session6_assignment-razan/session6_assignment/install/local_setup.sh'
[5.373s] INFO:colcon.colcon_core.shell:Creating prefix util module '/home/razanhmede/session6_assignment-razan/session6_assignment/install/_local_setup_util_sh.py'
[5.373s] INFO:colcon.colcon_core.shell:Creating prefix chain script '/home/razanhmede/session6_assignment-razan/session6_assignment/install/setup.sh'
[5.376s] INFO:colcon.colcon_core.shell:Creating prefix script '/home/razanhmede/session6_assignment-razan/session6_assignment/install/local_setup.bash'
[5.378s] INFO:colcon.colcon_core.shell:Creating prefix chain script '/home/razanhmede/session6_assignment-razan/session6_assignment/install/setup.bash'
[5.382s] INFO:colcon.colcon_core.shell:Creating prefix script '/home/razanhmede/session6_assignment-razan/session6_assignment/install/local_setup.zsh'
[5.386s] INFO:colcon.colcon_core.shell:Creating prefix chain script '/home/razanhmede/session6_assignment-razan/session6_assignment/install/setup.zsh'
