[0.657s] Invoking command in '/home/razanhmede/session6_assignment-razan/session6_assignment/src/warehouse_robot': PYTHONPATH=/home/razanhmede/session6_assignment-razan/session6_assignment/build/warehouse_robot/prefix_override:/usr/lib/python3/dist-packages/colcon_core/task/python/colcon_distutils_commands:/home/razanhmede/session6_assignment-razan/session6_assignment/install/warehouse_robot/lib/python3.10/site-packages:${PYTHONPATH} /usr/bin/python3 -W ignore:setup.py install is deprecated setup.py egg_info --egg-base ../../build/warehouse_robot build --build-base /home/razanhmede/session6_assignment-razan/session6_assignment/build/warehouse_robot/build install --record /home/razanhmede/session6_assignment-razan/session6_assignment/build/warehouse_robot/install.log --single-version-externally-managed install_data
[0.904s] running egg_info
[0.904s] writing ../../build/warehouse_robot/warehouse_robot.egg-info/PKG-INFO
[0.905s] writing dependency_links to ../../build/warehouse_robot/warehouse_robot.egg-info/dependency_links.txt
[0.905s] writing entry points to ../../build/warehouse_robot/warehouse_robot.egg-info/entry_points.txt
[0.905s] writing requirements to ../../build/warehouse_robot/warehouse_robot.egg-info/requires.txt
[0.905s] writing top-level names to ../../build/warehouse_robot/warehouse_robot.egg-info/top_level.txt
[0.907s] reading manifest file '../../build/warehouse_robot/warehouse_robot.egg-info/SOURCES.txt'
[0.908s] writing manifest file '../../build/warehouse_robot/warehouse_robot.egg-info/SOURCES.txt'
[0.908s] running build
[0.909s] running build_py
[0.909s] copying warehouse_robot/stock_checker_service_client.py -> /home/razanhmede/session6_assignment-razan/session6_assignment/build/warehouse_robot/build/lib/warehouse_robot
[0.909s] copying warehouse_robot/stock_checker_service_server.py -> /home/razanhmede/session6_assignment-razan/session6_assignment/build/warehouse_robot/build/lib/warehouse_robot
[0.909s] copying warehouse_robot/Item_delivery_action_client.py -> /home/razanhmede/session6_assignment-razan/session6_assignment/build/warehouse_robot/build/lib/warehouse_robot
[0.909s] copying warehouse_robot/Item_delivery_action_server.py -> /home/razanhmede/session6_assignment-razan/session6_assignment/build/warehouse_robot/build/lib/warehouse_robot
[0.909s] running install
[0.910s] running install_lib
[0.911s] copying /home/razanhmede/session6_assignment-razan/session6_assignment/build/warehouse_robot/build/lib/warehouse_robot/stock_checker_service_client.py -> /home/razanhmede/session6_assignment-razan/session6_assignment/install/warehouse_robot/lib/python3.10/site-packages/warehouse_robot
[0.911s] copying /home/razanhmede/session6_assignment-razan/session6_assignment/build/warehouse_robot/build/lib/warehouse_robot/stock_checker_service_server.py -> /home/razanhmede/session6_assignment-razan/session6_assignment/install/warehouse_robot/lib/python3.10/site-packages/warehouse_robot
[0.911s] copying /home/razanhmede/session6_assignment-razan/session6_assignment/build/warehouse_robot/build/lib/warehouse_robot/Item_delivery_action_client.py -> /home/razanhmede/session6_assignment-razan/session6_assignment/install/warehouse_robot/lib/python3.10/site-packages/warehouse_robot
[0.911s] copying /home/razanhmede/session6_assignment-razan/session6_assignment/build/warehouse_robot/build/lib/warehouse_robot/Item_delivery_action_server.py -> /home/razanhmede/session6_assignment-razan/session6_assignment/install/warehouse_robot/lib/python3.10/site-packages/warehouse_robot
[0.912s] byte-compiling /home/razanhmede/session6_assignment-razan/session6_assignment/install/warehouse_robot/lib/python3.10/site-packages/warehouse_robot/stock_checker_service_client.py to stock_checker_service_client.cpython-310.pyc
[0.912s] byte-compiling /home/razanhmede/session6_assignment-razan/session6_assignment/install/warehouse_robot/lib/python3.10/site-packages/warehouse_robot/stock_checker_service_server.py to stock_checker_service_server.cpython-310.pyc
[0.913s] byte-compiling /home/razanhmede/session6_assignment-razan/session6_assignment/install/warehouse_robot/lib/python3.10/site-packages/warehouse_robot/Item_delivery_action_client.py to Item_delivery_action_client.cpython-310.pyc
[0.914s] byte-compiling /home/razanhmede/session6_assignment-razan/session6_assignment/install/warehouse_robot/lib/python3.10/site-packages/warehouse_robot/Item_delivery_action_server.py to Item_delivery_action_server.cpython-310.pyc
[0.914s] running install_data
[0.914s] running install_egg_info
[0.916s] removing '/home/razanhmede/session6_assignment-razan/session6_assignment/install/warehouse_robot/lib/python3.10/site-packages/warehouse_robot-0.0.0-py3.10.egg-info' (and everything under it)
[0.916s] Copying ../../build/warehouse_robot/warehouse_robot.egg-info to /home/razanhmede/session6_assignment-razan/session6_assignment/install/warehouse_robot/lib/python3.10/site-packages/warehouse_robot-0.0.0-py3.10.egg-info
[0.917s] running install_scripts
[0.938s] Installing Item_delivery_action_client script to /home/razanhmede/session6_assignment-razan/session6_assignment/install/warehouse_robot/lib/warehouse_robot
[0.938s] Installing Item_delivery_action_server script to /home/razanhmede/session6_assignment-razan/session6_assignment/install/warehouse_robot/lib/warehouse_robot
[0.939s] Installing stock_checker_service_client script to /home/razanhmede/session6_assignment-razan/session6_assignment/install/warehouse_robot/lib/warehouse_robot
[0.939s] Installing stock_checker_service_server script to /home/razanhmede/session6_assignment-razan/session6_assignment/install/warehouse_robot/lib/warehouse_robot
[0.939s] writing list of installed files to '/home/razanhmede/session6_assignment-razan/session6_assignment/build/warehouse_robot/install.log'
[0.969s] Invoked command in '/home/razanhmede/session6_assignment-razan/session6_assignment/src/warehouse_robot' returned '0': PYTHONPATH=/home/razanhmede/session6_assignment-razan/session6_assignment/build/warehouse_robot/prefix_override:/usr/lib/python3/dist-packages/colcon_core/task/python/colcon_distutils_commands:/home/razanhmede/session6_assignment-razan/session6_assignment/install/warehouse_robot/lib/python3.10/site-packages:${PYTHONPATH} /usr/bin/python3 -W ignore:setup.py install is deprecated setup.py egg_info --egg-base ../../build/warehouse_robot build --build-base /home/razanhmede/session6_assignment-razan/session6_assignment/build/warehouse_robot/build install --record /home/razanhmede/session6_assignment-razan/session6_assignment/build/warehouse_robot/install.log --single-version-externally-managed install_data
