[0.639s] Invoking command in '/home/razanhmede/session6_assignment-razan/session6_assignment/src/warehouse_robot': PYTHONPATH=/home/razanhmede/session6_assignment-razan/session6_assignment/build/warehouse_robot/prefix_override:/usr/lib/python3/dist-packages/colcon_core/task/python/colcon_distutils_commands:/home/razanhmede/session6_assignment-razan/session6_assignment/install/warehouse_robot/lib/python3.10/site-packages:${PYTHONPATH} /usr/bin/python3 -W ignore:setup.py install is deprecated setup.py egg_info --egg-base ../../build/warehouse_robot build --build-base /home/razanhmede/session6_assignment-razan/session6_assignment/build/warehouse_robot/build install --record /home/razanhmede/session6_assignment-razan/session6_assignment/build/warehouse_robot/install.log --single-version-externally-managed install_data
[0.873s] running egg_info
[0.874s] writing ../../build/warehouse_robot/warehouse_robot.egg-info/PKG-INFO
[0.875s] writing dependency_links to ../../build/warehouse_robot/warehouse_robot.egg-info/dependency_links.txt
[0.875s] writing entry points to ../../build/warehouse_robot/warehouse_robot.egg-info/entry_points.txt
[0.875s] writing requirements to ../../build/warehouse_robot/warehouse_robot.egg-info/requires.txt
[0.875s] writing top-level names to ../../build/warehouse_robot/warehouse_robot.egg-info/top_level.txt
[0.876s] reading manifest file '../../build/warehouse_robot/warehouse_robot.egg-info/SOURCES.txt'
[0.878s] writing manifest file '../../build/warehouse_robot/warehouse_robot.egg-info/SOURCES.txt'
[0.878s] running build
[0.878s] running build_py
[0.878s] running install
[0.879s] running install_lib
[0.880s] running install_data
[0.881s] running install_egg_info
[0.883s] removing '/home/razanhmede/session6_assignment-razan/session6_assignment/install/warehouse_robot/lib/python3.10/site-packages/warehouse_robot-0.0.0-py3.10.egg-info' (and everything under it)
[0.883s] Copying ../../build/warehouse_robot/warehouse_robot.egg-info to /home/razanhmede/session6_assignment-razan/session6_assignment/install/warehouse_robot/lib/python3.10/site-packages/warehouse_robot-0.0.0-py3.10.egg-info
[0.884s] running install_scripts
[0.904s] Installing stock_checker_client script to /home/razanhmede/session6_assignment-razan/session6_assignment/install/warehouse_robot/lib/warehouse_robot
[0.904s] Installing stock_checker_server script to /home/razanhmede/session6_assignment-razan/session6_assignment/install/warehouse_robot/lib/warehouse_robot
[0.904s] writing list of installed files to '/home/razanhmede/session6_assignment-razan/session6_assignment/build/warehouse_robot/install.log'
[0.929s] Invoked command in '/home/razanhmede/session6_assignment-razan/session6_assignment/src/warehouse_robot' returned '0': PYTHONPATH=/home/razanhmede/session6_assignment-razan/session6_assignment/build/warehouse_robot/prefix_override:/usr/lib/python3/dist-packages/colcon_core/task/python/colcon_distutils_commands:/home/razanhmede/session6_assignment-razan/session6_assignment/install/warehouse_robot/lib/python3.10/site-packages:${PYTHONPATH} /usr/bin/python3 -W ignore:setup.py install is deprecated setup.py egg_info --egg-base ../../build/warehouse_robot build --build-base /home/razanhmede/session6_assignment-razan/session6_assignment/build/warehouse_robot/build install --record /home/razanhmede/session6_assignment-razan/session6_assignment/build/warehouse_robot/install.log --single-version-externally-managed install_data
