[-35966.321s] DEBUG:colcon:Command line arguments: ['/usr/bin/colcon', 'build']
[-35966.320s] DEBUG:colcon:Parsed command line arguments: Namespace(log_base=None, log_level=None, verb_name='build', build_base='build', install_base='install', merge_install=False, symlink_install=False, test_result_base=None, continue_on_error=False, executor='parallel', parallel_workers=4, event_handlers=None, ignore_user_meta=False, metas=['./colcon.meta'], base_paths=['.'], packages_ignore=None, packages_ignore_regex=None, paths=None, packages_up_to=None, packages_up_to_regex=None, packages_above=None, packages_above_and_dependencies=None, packages_above_depth=None, packages_select_by_dep=None, packages_skip_by_dep=None, packages_skip_up_to=None, packages_select_build_failed=False, packages_skip_build_finished=False, packages_select_test_failures=False, packages_skip_test_passed=False, packages_select=None, packages_skip=None, packages_select_regex=None, packages_skip_regex=None, packages_start=None, packages_end=None, allow_overriding=[], cmake_args=None, cmake_target=None, cmake_target_skip_unavailable=False, cmake_clean_cache=False, cmake_clean_first=False, cmake_force_configure=False, ament_cmake_args=None, catkin_cmake_args=None, catkin_skip_building_tests=False, mixin_files=None, mixin=None, verb_parser=<colcon_mixin.mixin.mixin_argument.MixinArgumentDecorator object at 0x7dd5074aea40>, verb_extension=<colcon_core.verb.build.BuildVerb object at 0x7dd5074ae590>, main=<bound method BuildVerb.main of <colcon_core.verb.build.BuildVerb object at 0x7dd5074ae590>>, mixin_verb=('build',))
[-35966.148s] Level 1:colcon.colcon_core.package_discovery:discover_packages(colcon_meta) check parameters
[-35966.148s] Level 1:colcon.colcon_core.package_discovery:discover_packages(recursive) check parameters
[-35966.148s] Level 1:colcon.colcon_core.package_discovery:discover_packages(ignore) check parameters
[-35966.148s] Level 1:colcon.colcon_core.package_discovery:discover_packages(path) check parameters
[-35966.147s] Level 1:colcon.colcon_core.package_discovery:discover_packages(colcon_meta) discover
[-35966.147s] Level 1:colcon.colcon_core.package_discovery:discover_packages(recursive) discover
[-35966.147s] INFO:colcon.colcon_core.package_discovery:Crawling recursively for packages in '/home/razanhmede/session6_assignment-razan/session6_assignment'
[-35966.147s] Level 1:colcon.colcon_core.package_identification:_identify(.) by extensions ['ignore', 'ignore_ament_install']
[-35966.147s] Level 1:colcon.colcon_core.package_identification:_identify(.) by extension 'ignore'
[-35966.147s] Level 1:colcon.colcon_core.package_identification:_identify(.) by extension 'ignore_ament_install'
[-35966.146s] Level 1:colcon.colcon_core.package_identification:_identify(.) by extensions ['colcon_pkg']
[-35966.146s] Level 1:colcon.colcon_core.package_identification:_identify(.) by extension 'colcon_pkg'
[-35966.146s] Level 1:colcon.colcon_core.package_identification:_identify(.) by extensions ['colcon_meta']
[-35966.146s] Level 1:colcon.colcon_core.package_identification:_identify(.) by extension 'colcon_meta'
[-35966.146s] Level 1:colcon.colcon_core.package_identification:_identify(.) by extensions ['ros']
[-35966.146s] Level 1:colcon.colcon_core.package_identification:_identify(.) by extension 'ros'
[-35966.134s] Level 1:colcon.colcon_core.package_identification:_identify(.) by extensions ['cmake', 'python']
[-35966.134s] Level 1:colcon.colcon_core.package_identification:_identify(.) by extension 'cmake'
[-35966.134s] Level 1:colcon.colcon_core.package_identification:_identify(.) by extension 'python'
[-35966.134s] Level 1:colcon.colcon_core.package_identification:_identify(.) by extensions ['python_setup_py']
[-35966.133s] Level 1:colcon.colcon_core.package_identification:_identify(.) by extension 'python_setup_py'
[-35966.133s] Level 1:colcon.colcon_core.package_identification:_identify(build) by extensions ['ignore', 'ignore_ament_install']
[-35966.133s] Level 1:colcon.colcon_core.package_identification:_identify(build) by extension 'ignore'
[-35966.133s] Level 1:colcon.colcon_core.package_identification:_identify(build) ignored
[-35966.133s] Level 1:colcon.colcon_core.package_identification:_identify(install) by extensions ['ignore', 'ignore_ament_install']
[-35966.133s] Level 1:colcon.colcon_core.package_identification:_identify(install) by extension 'ignore'
[-35966.132s] Level 1:colcon.colcon_core.package_identification:_identify(install) ignored
[-35966.132s] Level 1:colcon.colcon_core.package_identification:_identify(log) by extensions ['ignore', 'ignore_ament_install']
[-35966.132s] Level 1:colcon.colcon_core.package_identification:_identify(log) by extension 'ignore'
[-35966.132s] Level 1:colcon.colcon_core.package_identification:_identify(log) ignored
[-35966.132s] Level 1:colcon.colcon_core.package_identification:_identify(src) by extensions ['ignore', 'ignore_ament_install']
[-35966.132s] Level 1:colcon.colcon_core.package_identification:_identify(src) by extension 'ignore'
[-35966.132s] Level 1:colcon.colcon_core.package_identification:_identify(src) by extension 'ignore_ament_install'
[-35966.131s] Level 1:colcon.colcon_core.package_identification:_identify(src) by extensions ['colcon_pkg']
[-35966.131s] Level 1:colcon.colcon_core.package_identification:_identify(src) by extension 'colcon_pkg'
[-35966.131s] Level 1:colcon.colcon_core.package_identification:_identify(src) by extensions ['colcon_meta']
[-35966.131s] Level 1:colcon.colcon_core.package_identification:_identify(src) by extension 'colcon_meta'
[-35966.131s] Level 1:colcon.colcon_core.package_identification:_identify(src) by extensions ['ros']
[-35966.131s] Level 1:colcon.colcon_core.package_identification:_identify(src) by extension 'ros'
[-35966.131s] Level 1:colcon.colcon_core.package_identification:_identify(src) by extensions ['cmake', 'python']
[-35966.131s] Level 1:colcon.colcon_core.package_identification:_identify(src) by extension 'cmake'
[-35966.130s] Level 1:colcon.colcon_core.package_identification:_identify(src) by extension 'python'
[-35966.130s] Level 1:colcon.colcon_core.package_identification:_identify(src) by extensions ['python_setup_py']
[-35966.130s] Level 1:colcon.colcon_core.package_identification:_identify(src) by extension 'python_setup_py'
[-35966.130s] Level 1:colcon.colcon_core.package_identification:_identify(src/customized_interfaces) by extensions ['ignore', 'ignore_ament_install']
[-35966.130s] Level 1:colcon.colcon_core.package_identification:_identify(src/customized_interfaces) by extension 'ignore'
[-35966.129s] Level 1:colcon.colcon_core.package_identification:_identify(src/customized_interfaces) by extension 'ignore_ament_install'
[-35966.129s] Level 1:colcon.colcon_core.package_identification:_identify(src/customized_interfaces) by extensions ['colcon_pkg']
[-35966.129s] Level 1:colcon.colcon_core.package_identification:_identify(src/customized_interfaces) by extension 'colcon_pkg'
[-35966.129s] Level 1:colcon.colcon_core.package_identification:_identify(src/customized_interfaces) by extensions ['colcon_meta']
[-35966.129s] Level 1:colcon.colcon_core.package_identification:_identify(src/customized_interfaces) by extension 'colcon_meta'
[-35966.129s] Level 1:colcon.colcon_core.package_identification:_identify(src/customized_interfaces) by extensions ['ros']
[-35966.129s] Level 1:colcon.colcon_core.package_identification:_identify(src/customized_interfaces) by extension 'ros'
[-35966.127s] DEBUG:colcon.colcon_core.package_identification:Package 'src/customized_interfaces' with type 'ros.ament_cmake' and name 'customized_interfaces'
[-35966.126s] Level 1:colcon.colcon_core.package_identification:_identify(src/warehouse_robot) by extensions ['ignore', 'ignore_ament_install']
[-35966.126s] Level 1:colcon.colcon_core.package_identification:_identify(src/warehouse_robot) by extension 'ignore'
[-35966.125s] Level 1:colcon.colcon_core.package_identification:_identify(src/warehouse_robot) by extension 'ignore_ament_install'
[-35966.125s] Level 1:colcon.colcon_core.package_identification:_identify(src/warehouse_robot) by extensions ['colcon_pkg']
[-35966.125s] Level 1:colcon.colcon_core.package_identification:_identify(src/warehouse_robot) by extension 'colcon_pkg'
[-35966.125s] Level 1:colcon.colcon_core.package_identification:_identify(src/warehouse_robot) by extensions ['colcon_meta']
[-35966.125s] Level 1:colcon.colcon_core.package_identification:_identify(src/warehouse_robot) by extension 'colcon_meta'
[-35966.125s] Level 1:colcon.colcon_core.package_identification:_identify(src/warehouse_robot) by extensions ['ros']
[-35966.125s] Level 1:colcon.colcon_core.package_identification:_identify(src/warehouse_robot) by extension 'ros'
[-35966.124s] DEBUG:colcon.colcon_core.package_identification:Package 'src/warehouse_robot' with type 'ros.ament_python' and name 'warehouse_robot'
[-35966.123s] Level 1:colcon.colcon_core.package_discovery:discover_packages(recursive) using defaults
[-35966.123s] Level 1:colcon.colcon_core.package_discovery:discover_packages(ignore) discover
[-35966.123s] Level 1:colcon.colcon_core.package_discovery:discover_packages(ignore) using defaults
[-35966.123s] Level 1:colcon.colcon_core.package_discovery:discover_packages(path) discover
[-35966.123s] Level 1:colcon.colcon_core.package_discovery:discover_packages(path) using defaults
[-35966.103s] Level 1:colcon.colcon_core.package_discovery:discover_packages(prefix_path) check parameters
[-35966.103s] Level 1:colcon.colcon_core.package_discovery:discover_packages(prefix_path) discover
[-35966.101s] DEBUG:colcon.colcon_installed_package_information.package_discovery:Found 2 installed packages in /home/razanhmede/session6_assignment-razan/session6_assignment/install
[-35966.100s] DEBUG:colcon.colcon_installed_package_information.package_discovery:Found 270 installed packages in /opt/ros/humble
[-35966.099s] Level 1:colcon.colcon_core.package_discovery:discover_packages(prefix_path) using defaults
[-35966.055s] Level 5:colcon.colcon_core.verb:set package 'customized_interfaces' build argument 'cmake_args' from command line to 'None'
[-35966.055s] Level 5:colcon.colcon_core.verb:set package 'customized_interfaces' build argument 'cmake_target' from command line to 'None'
[-35966.055s] Level 5:colcon.colcon_core.verb:set package 'customized_interfaces' build argument 'cmake_target_skip_unavailable' from command line to 'False'
[-35966.055s] Level 5:colcon.colcon_core.verb:set package 'customized_interfaces' build argument 'cmake_clean_cache' from command line to 'False'
[-35966.054s] Level 5:colcon.colcon_core.verb:set package 'customized_interfaces' build argument 'cmake_clean_first' from command line to 'False'
[-35966.054s] Level 5:colcon.colcon_core.verb:set package 'customized_interfaces' build argument 'cmake_force_configure' from command line to 'False'
[-35966.054s] Level 5:colcon.colcon_core.verb:set package 'customized_interfaces' build argument 'ament_cmake_args' from command line to 'None'
[-35966.054s] Level 5:colcon.colcon_core.verb:set package 'customized_interfaces' build argument 'catkin_cmake_args' from command line to 'None'
[-35966.054s] Level 5:colcon.colcon_core.verb:set package 'customized_interfaces' build argument 'catkin_skip_building_tests' from command line to 'False'
[-35966.053s] DEBUG:colcon.colcon_core.verb:Building package 'customized_interfaces' with the following arguments: {'ament_cmake_args': None, 'build_base': '/home/razanhmede/session6_assignment-razan/session6_assignment/build/customized_interfaces', 'catkin_cmake_args': None, 'catkin_skip_building_tests': False, 'cmake_args': None, 'cmake_clean_cache': False, 'cmake_clean_first': False, 'cmake_force_configure': False, 'cmake_target': None, 'cmake_target_skip_unavailable': False, 'install_base': '/home/razanhmede/session6_assignment-razan/session6_assignment/install/customized_interfaces', 'merge_install': False, 'path': '/home/razanhmede/session6_assignment-razan/session6_assignment/src/customized_interfaces', 'symlink_install': False, 'test_result_base': None}
[-35966.053s] Level 5:colcon.colcon_core.verb:set package 'warehouse_robot' build argument 'cmake_args' from command line to 'None'
[-35966.053s] Level 5:colcon.colcon_core.verb:set package 'warehouse_robot' build argument 'cmake_target' from command line to 'None'
[-35966.053s] Level 5:colcon.colcon_core.verb:set package 'warehouse_robot' build argument 'cmake_target_skip_unavailable' from command line to 'False'
[-35966.053s] Level 5:colcon.colcon_core.verb:set package 'warehouse_robot' build argument 'cmake_clean_cache' from command line to 'False'
[-35966.053s] Level 5:colcon.colcon_core.verb:set package 'warehouse_robot' build argument 'cmake_clean_first' from command line to 'False'
[-35966.052s] Level 5:colcon.colcon_core.verb:set package 'warehouse_robot' build argument 'cmake_force_configure' from command line to 'False'
[-35966.052s] Level 5:colcon.colcon_core.verb:set package 'warehouse_robot' build argument 'ament_cmake_args' from command line to 'None'
[-35966.052s] Level 5:colcon.colcon_core.verb:set package 'warehouse_robot' build argument 'catkin_cmake_args' from command line to 'None'
[-35966.052s] Level 5:colcon.colcon_core.verb:set package 'warehouse_robot' build argument 'catkin_skip_building_tests' from command line to 'False'
[-35966.052s] DEBUG:colcon.colcon_core.verb:Building package 'warehouse_robot' with the following arguments: {'ament_cmake_args': None, 'build_base': '/home/razanhmede/session6_assignment-razan/session6_assignment/build/warehouse_robot', 'catkin_cmake_args': None, 'catkin_skip_building_tests': False, 'cmake_args': None, 'cmake_clean_cache': False, 'cmake_clean_first': False, 'cmake_force_configure': False, 'cmake_target': None, 'cmake_target_skip_unavailable': False, 'install_base': '/home/razanhmede/session6_assignment-razan/session6_assignment/install/warehouse_robot', 'merge_install': False, 'path': '/home/razanhmede/session6_assignment-razan/session6_assignment/src/warehouse_robot', 'symlink_install': False, 'test_result_base': None}
[-35966.052s] INFO:colcon.colcon_core.executor:Executing jobs using 'parallel' executor
[-35966.050s] DEBUG:colcon.colcon_parallel_executor.executor.parallel:run_until_complete
[-35966.050s] INFO:colcon.colcon_ros.task.ament_cmake.build:Building ROS package in '/home/razanhmede/session6_assignment-razan/session6_assignment/src/customized_interfaces' with build type 'ament_cmake'
[-35966.049s] INFO:colcon.colcon_cmake.task.cmake.build:Building CMake package in '/home/razanhmede/session6_assignment-razan/session6_assignment/src/customized_interfaces'
[-35966.047s] INFO:colcon.colcon_core.plugin_system:Skipping extension 'colcon_core.shell.bat': Not used on non-Windows systems
[-35966.046s] INFO:colcon.colcon_core.shell:Skip shell extension 'powershell' for command environment: Not usable outside of PowerShell
[-35966.046s] DEBUG:colcon.colcon_core.shell:Skip shell extension 'dsv' for command environment
[-35966.027s] DEBUG:colcon.colcon_core.event_handler.log_command:Invoking command in '/home/razanhmede/session6_assignment-razan/session6_assignment/build/customized_interfaces': CMAKE_PREFIX_PATH=${CMAKE_PREFIX_PATH}:/home/razanhmede/session6_assignment-razan/session6_assignment/install/warehouse_robot:/opt/ros/humble /usr/bin/cmake --build /home/razanhmede/session6_assignment-razan/session6_assignment/build/customized_interfaces -- -j4 -l4
[-35965.602s] DEBUG:colcon.colcon_core.event_handler.log_command:Invoked command in '/home/razanhmede/session6_assignment-razan/session6_assignment/build/customized_interfaces' returned '0': CMAKE_PREFIX_PATH=${CMAKE_PREFIX_PATH}:/home/razanhmede/session6_assignment-razan/session6_assignment/install/warehouse_robot:/opt/ros/humble /usr/bin/cmake --build /home/razanhmede/session6_assignment-razan/session6_assignment/build/customized_interfaces -- -j4 -l4
[-35965.489s] DEBUG:colcon.colcon_core.event_handler.log_command:Invoking command in '/home/razanhmede/session6_assignment-razan/session6_assignment/build/customized_interfaces': CMAKE_PREFIX_PATH=${CMAKE_PREFIX_PATH}:/home/razanhmede/session6_assignment-razan/session6_assignment/install/warehouse_robot:/opt/ros/humble /usr/bin/cmake --install /home/razanhmede/session6_assignment-razan/session6_assignment/build/customized_interfaces
[-35965.432s] Level 1:colcon.colcon_core.environment:create_environment_scripts_only(customized_interfaces)
[-35965.431s] DEBUG:colcon.colcon_core.event_handler.log_command:Invoked command in '/home/razanhmede/session6_assignment-razan/session6_assignment/build/customized_interfaces' returned '0': CMAKE_PREFIX_PATH=${CMAKE_PREFIX_PATH}:/home/razanhmede/session6_assignment-razan/session6_assignment/install/warehouse_robot:/opt/ros/humble /usr/bin/cmake --install /home/razanhmede/session6_assignment-razan/session6_assignment/build/customized_interfaces
[-35965.429s] Level 1:colcon.colcon_core.environment:checking '/home/razanhmede/session6_assignment-razan/session6_assignment/install/customized_interfaces' for CMake module files
[-35965.428s] Level 1:colcon.colcon_core.environment:checking '/home/razanhmede/session6_assignment-razan/session6_assignment/install/customized_interfaces' for CMake config files
[-35965.428s] Level 1:colcon.colcon_core.shell:create_environment_hook('customized_interfaces', 'cmake_prefix_path')
[-35965.428s] INFO:colcon.colcon_core.shell:Creating environment hook '/home/razanhmede/session6_assignment-razan/session6_assignment/install/customized_interfaces/share/customized_interfaces/hook/cmake_prefix_path.ps1'
[-35965.427s] INFO:colcon.colcon_core.shell:Creating environment descriptor '/home/razanhmede/session6_assignment-razan/session6_assignment/install/customized_interfaces/share/customized_interfaces/hook/cmake_prefix_path.dsv'
[-35965.427s] INFO:colcon.colcon_core.shell:Creating environment hook '/home/razanhmede/session6_assignment-razan/session6_assignment/install/customized_interfaces/share/customized_interfaces/hook/cmake_prefix_path.sh'
[-35965.426s] Level 1:colcon.colcon_core.environment:checking '/home/razanhmede/session6_assignment-razan/session6_assignment/install/customized_interfaces/lib'
[-35965.426s] Level 1:colcon.colcon_core.shell:create_environment_hook('customized_interfaces', 'ld_library_path_lib')
[-35965.425s] INFO:colcon.colcon_core.shell:Creating environment hook '/home/razanhmede/session6_assignment-razan/session6_assignment/install/customized_interfaces/share/customized_interfaces/hook/ld_library_path_lib.ps1'
[-35965.425s] INFO:colcon.colcon_core.shell:Creating environment descriptor '/home/razanhmede/session6_assignment-razan/session6_assignment/install/customized_interfaces/share/customized_interfaces/hook/ld_library_path_lib.dsv'
[-35965.425s] INFO:colcon.colcon_core.shell:Creating environment hook '/home/razanhmede/session6_assignment-razan/session6_assignment/install/customized_interfaces/share/customized_interfaces/hook/ld_library_path_lib.sh'
[-35965.424s] Level 1:colcon.colcon_core.environment:checking '/home/razanhmede/session6_assignment-razan/session6_assignment/install/customized_interfaces/bin'
[-35965.424s] Level 1:colcon.colcon_core.environment:checking '/home/razanhmede/session6_assignment-razan/session6_assignment/install/customized_interfaces/lib/pkgconfig/customized_interfaces.pc'
[-35965.424s] Level 1:colcon.colcon_core.environment:checking '/home/razanhmede/session6_assignment-razan/session6_assignment/install/customized_interfaces/lib/python3.10/site-packages'
[-35965.424s] Level 1:colcon.colcon_core.environment:checking '/home/razanhmede/session6_assignment-razan/session6_assignment/install/customized_interfaces/bin'
[-35965.424s] INFO:colcon.colcon_core.shell:Creating package script '/home/razanhmede/session6_assignment-razan/session6_assignment/install/customized_interfaces/share/customized_interfaces/package.ps1'
[-35965.423s] INFO:colcon.colcon_core.shell:Creating package descriptor '/home/razanhmede/session6_assignment-razan/session6_assignment/install/customized_interfaces/share/customized_interfaces/package.dsv'
[-35965.422s] INFO:colcon.colcon_core.shell:Creating package script '/home/razanhmede/session6_assignment-razan/session6_assignment/install/customized_interfaces/share/customized_interfaces/package.sh'
[-35965.421s] INFO:colcon.colcon_core.shell:Creating package script '/home/razanhmede/session6_assignment-razan/session6_assignment/install/customized_interfaces/share/customized_interfaces/package.bash'
[-35965.420s] INFO:colcon.colcon_core.shell:Creating package script '/home/razanhmede/session6_assignment-razan/session6_assignment/install/customized_interfaces/share/customized_interfaces/package.zsh'
[-35965.417s] Level 1:colcon.colcon_core.environment:create_file_with_runtime_dependencies(/home/razanhmede/session6_assignment-razan/session6_assignment/install/customized_interfaces/share/colcon-core/packages/customized_interfaces)
[-35965.335s] Level 1:colcon.colcon_core.environment:create_environment_scripts_only(customized_interfaces)
[-35965.334s] Level 1:colcon.colcon_core.environment:checking '/home/razanhmede/session6_assignment-razan/session6_assignment/install/customized_interfaces' for CMake module files
[-35965.334s] Level 1:colcon.colcon_core.environment:checking '/home/razanhmede/session6_assignment-razan/session6_assignment/install/customized_interfaces' for CMake config files
[-35965.334s] Level 1:colcon.colcon_core.shell:create_environment_hook('customized_interfaces', 'cmake_prefix_path')
[-35965.333s] INFO:colcon.colcon_core.shell:Creating environment hook '/home/razanhmede/session6_assignment-razan/session6_assignment/install/customized_interfaces/share/customized_interfaces/hook/cmake_prefix_path.ps1'
[-35965.333s] INFO:colcon.colcon_core.shell:Creating environment descriptor '/home/razanhmede/session6_assignment-razan/session6_assignment/install/customized_interfaces/share/customized_interfaces/hook/cmake_prefix_path.dsv'
[-35965.333s] INFO:colcon.colcon_core.shell:Creating environment hook '/home/razanhmede/session6_assignment-razan/session6_assignment/install/customized_interfaces/share/customized_interfaces/hook/cmake_prefix_path.sh'
[-35965.332s] Level 1:colcon.colcon_core.environment:checking '/home/razanhmede/session6_assignment-razan/session6_assignment/install/customized_interfaces/lib'
[-35965.332s] Level 1:colcon.colcon_core.shell:create_environment_hook('customized_interfaces', 'ld_library_path_lib')
[-35965.332s] INFO:colcon.colcon_core.shell:Creating environment hook '/home/razanhmede/session6_assignment-razan/session6_assignment/install/customized_interfaces/share/customized_interfaces/hook/ld_library_path_lib.ps1'
[-35965.331s] INFO:colcon.colcon_core.shell:Creating environment descriptor '/home/razanhmede/session6_assignment-razan/session6_assignment/install/customized_interfaces/share/customized_interfaces/hook/ld_library_path_lib.dsv'
[-35965.331s] INFO:colcon.colcon_core.shell:Creating environment hook '/home/razanhmede/session6_assignment-razan/session6_assignment/install/customized_interfaces/share/customized_interfaces/hook/ld_library_path_lib.sh'
[-35965.331s] Level 1:colcon.colcon_core.environment:checking '/home/razanhmede/session6_assignment-razan/session6_assignment/install/customized_interfaces/bin'
[-35965.331s] Level 1:colcon.colcon_core.environment:checking '/home/razanhmede/session6_assignment-razan/session6_assignment/install/customized_interfaces/lib/pkgconfig/customized_interfaces.pc'
[-35965.331s] Level 1:colcon.colcon_core.environment:checking '/home/razanhmede/session6_assignment-razan/session6_assignment/install/customized_interfaces/lib/python3.10/site-packages'
[-35965.330s] Level 1:colcon.colcon_core.environment:checking '/home/razanhmede/session6_assignment-razan/session6_assignment/install/customized_interfaces/bin'
[-35965.330s] INFO:colcon.colcon_core.shell:Creating package script '/home/razanhmede/session6_assignment-razan/session6_assignment/install/customized_interfaces/share/customized_interfaces/package.ps1'
[-35965.329s] INFO:colcon.colcon_core.shell:Creating package descriptor '/home/razanhmede/session6_assignment-razan/session6_assignment/install/customized_interfaces/share/customized_interfaces/package.dsv'
[-35965.329s] INFO:colcon.colcon_core.shell:Creating package script '/home/razanhmede/session6_assignment-razan/session6_assignment/install/customized_interfaces/share/customized_interfaces/package.sh'
[-35965.329s] INFO:colcon.colcon_core.shell:Creating package script '/home/razanhmede/session6_assignment-razan/session6_assignment/install/customized_interfaces/share/customized_interfaces/package.bash'
[-35965.328s] INFO:colcon.colcon_core.shell:Creating package script '/home/razanhmede/session6_assignment-razan/session6_assignment/install/customized_interfaces/share/customized_interfaces/package.zsh'
[-35965.328s] Level 1:colcon.colcon_core.environment:create_file_with_runtime_dependencies(/home/razanhmede/session6_assignment-razan/session6_assignment/install/customized_interfaces/share/colcon-core/packages/customized_interfaces)
[-35965.327s] INFO:colcon.colcon_ros.task.ament_python.build:Building ROS package in '/home/razanhmede/session6_assignment-razan/session6_assignment/src/warehouse_robot' with build type 'ament_python'
[-35965.327s] Level 1:colcon.colcon_core.shell:create_environment_hook('warehouse_robot', 'ament_prefix_path')
[-35965.327s] INFO:colcon.colcon_core.shell:Creating environment hook '/home/razanhmede/session6_assignment-razan/session6_assignment/install/warehouse_robot/share/warehouse_robot/hook/ament_prefix_path.ps1'
[-35965.326s] INFO:colcon.colcon_core.shell:Creating environment descriptor '/home/razanhmede/session6_assignment-razan/session6_assignment/install/warehouse_robot/share/warehouse_robot/hook/ament_prefix_path.dsv'
[-35965.326s] INFO:colcon.colcon_core.shell:Creating environment hook '/home/razanhmede/session6_assignment-razan/session6_assignment/install/warehouse_robot/share/warehouse_robot/hook/ament_prefix_path.sh'
[-35965.325s] INFO:colcon.colcon_core.shell:Skip shell extension 'powershell' for command environment: Not usable outside of PowerShell
[-35965.325s] DEBUG:colcon.colcon_core.shell:Skip shell extension 'dsv' for command environment
[-35965.043s] INFO:colcon.colcon_core.task.python.build:Building Python package in '/home/razanhmede/session6_assignment-razan/session6_assignment/src/warehouse_robot'
[-35965.043s] INFO:colcon.colcon_core.shell:Skip shell extension 'powershell' for command environment: Not usable outside of PowerShell
[-35965.043s] DEBUG:colcon.colcon_core.shell:Skip shell extension 'dsv' for command environment
[-35964.674s] DEBUG:colcon.colcon_core.event_handler.log_command:Invoking command in '/home/razanhmede/session6_assignment-razan/session6_assignment/src/warehouse_robot': PYTHONPATH=/home/razanhmede/session6_assignment-razan/session6_assignment/build/warehouse_robot/prefix_override:/usr/lib/python3/dist-packages/colcon_core/task/python/colcon_distutils_commands:/home/razanhmede/session6_assignment-razan/session6_assignment/install/warehouse_robot/lib/python3.10/site-packages:${PYTHONPATH} /usr/bin/python3 -W ignore:setup.py install is deprecated setup.py egg_info --egg-base ../../build/warehouse_robot build --build-base /home/razanhmede/session6_assignment-razan/session6_assignment/build/warehouse_robot/build install --record /home/razanhmede/session6_assignment-razan/session6_assignment/build/warehouse_robot/install.log --single-version-externally-managed install_data
[-35964.335s] Level 1:colcon.colcon_core.environment:checking '/home/razanhmede/session6_assignment-razan/session6_assignment/install/warehouse_robot' for CMake module files
[-35964.334s] DEBUG:colcon.colcon_core.event_handler.log_command:Invoked command in '/home/razanhmede/session6_assignment-razan/session6_assignment/src/warehouse_robot' returned '0': PYTHONPATH=/home/razanhmede/session6_assignment-razan/session6_assignment/build/warehouse_robot/prefix_override:/usr/lib/python3/dist-packages/colcon_core/task/python/colcon_distutils_commands:/home/razanhmede/session6_assignment-razan/session6_assignment/install/warehouse_robot/lib/python3.10/site-packages:${PYTHONPATH} /usr/bin/python3 -W ignore:setup.py install is deprecated setup.py egg_info --egg-base ../../build/warehouse_robot build --build-base /home/razanhmede/session6_assignment-razan/session6_assignment/build/warehouse_robot/build install --record /home/razanhmede/session6_assignment-razan/session6_assignment/build/warehouse_robot/install.log --single-version-externally-managed install_data
[-35964.333s] Level 1:colcon.colcon_core.environment:checking '/home/razanhmede/session6_assignment-razan/session6_assignment/install/warehouse_robot' for CMake config files
[-35964.333s] Level 1:colcon.colcon_core.environment:checking '/home/razanhmede/session6_assignment-razan/session6_assignment/install/warehouse_robot/lib'
[-35964.333s] Level 1:colcon.colcon_core.environment:checking '/home/razanhmede/session6_assignment-razan/session6_assignment/install/warehouse_robot/bin'
[-35964.333s] Level 1:colcon.colcon_core.environment:checking '/home/razanhmede/session6_assignment-razan/session6_assignment/install/warehouse_robot/lib/pkgconfig/warehouse_robot.pc'
[-35964.332s] Level 1:colcon.colcon_core.environment:checking '/home/razanhmede/session6_assignment-razan/session6_assignment/install/warehouse_robot/lib/python3.10/site-packages'
[-35964.332s] Level 1:colcon.colcon_core.shell:create_environment_hook('warehouse_robot', 'pythonpath')
[-35964.332s] INFO:colcon.colcon_core.shell:Creating environment hook '/home/razanhmede/session6_assignment-razan/session6_assignment/install/warehouse_robot/share/warehouse_robot/hook/pythonpath.ps1'
[-35964.331s] INFO:colcon.colcon_core.shell:Creating environment descriptor '/home/razanhmede/session6_assignment-razan/session6_assignment/install/warehouse_robot/share/warehouse_robot/hook/pythonpath.dsv'
[-35964.331s] INFO:colcon.colcon_core.shell:Creating environment hook '/home/razanhmede/session6_assignment-razan/session6_assignment/install/warehouse_robot/share/warehouse_robot/hook/pythonpath.sh'
[-35964.330s] Level 1:colcon.colcon_core.environment:checking '/home/razanhmede/session6_assignment-razan/session6_assignment/install/warehouse_robot/bin'
[-35964.330s] Level 1:colcon.colcon_core.environment:create_environment_scripts_only(warehouse_robot)
[-35964.329s] INFO:colcon.colcon_core.shell:Creating package script '/home/razanhmede/session6_assignment-razan/session6_assignment/install/warehouse_robot/share/warehouse_robot/package.ps1'
[-35964.329s] INFO:colcon.colcon_core.shell:Creating package descriptor '/home/razanhmede/session6_assignment-razan/session6_assignment/install/warehouse_robot/share/warehouse_robot/package.dsv'
[-35964.328s] INFO:colcon.colcon_core.shell:Creating package script '/home/razanhmede/session6_assignment-razan/session6_assignment/install/warehouse_robot/share/warehouse_robot/package.sh'
[-35964.327s] INFO:colcon.colcon_core.shell:Creating package script '/home/razanhmede/session6_assignment-razan/session6_assignment/install/warehouse_robot/share/warehouse_robot/package.bash'
[-35964.327s] INFO:colcon.colcon_core.shell:Creating package script '/home/razanhmede/session6_assignment-razan/session6_assignment/install/warehouse_robot/share/warehouse_robot/package.zsh'
[-35964.326s] Level 1:colcon.colcon_core.environment:create_file_with_runtime_dependencies(/home/razanhmede/session6_assignment-razan/session6_assignment/install/warehouse_robot/share/colcon-core/packages/warehouse_robot)
[-35964.326s] DEBUG:colcon.colcon_parallel_executor.executor.parallel:closing loop
[-35964.325s] DEBUG:colcon.colcon_parallel_executor.executor.parallel:loop closed
[-35964.325s] DEBUG:colcon.colcon_parallel_executor.executor.parallel:run_until_complete finished with '0'
[-35964.325s] DEBUG:colcon.colcon_core.event_reactor:joining thread
[-35964.318s] INFO:colcon.colcon_core.plugin_system:Skipping extension 'colcon_notification.desktop_notification.terminal_notifier': Not used on non-Darwin systems
[-35964.317s] INFO:colcon.colcon_core.plugin_system:Skipping extension 'colcon_notification.desktop_notification.win32': Not used on non-Windows systems
[-35964.317s] INFO:colcon.colcon_notification.desktop_notification:Sending desktop notification using 'notify2'
[-35964.303s] DEBUG:colcon.colcon_core.event_reactor:joined thread
[-35964.302s] INFO:colcon.colcon_core.shell:Creating prefix script '/home/razanhmede/session6_assignment-razan/session6_assignment/install/local_setup.ps1'
[-35964.298s] INFO:colcon.colcon_core.shell:Creating prefix util module '/home/razanhmede/session6_assignment-razan/session6_assignment/install/_local_setup_util_ps1.py'
[-35964.296s] INFO:colcon.colcon_core.shell:Creating prefix chain script '/home/razanhmede/session6_assignment-razan/session6_assignment/install/setup.ps1'
[-35964.294s] INFO:colcon.colcon_core.shell:Creating prefix script '/home/razanhmede/session6_assignment-razan/session6_assignment/install/local_setup.sh'
[-35964.293s] INFO:colcon.colcon_core.shell:Creating prefix util module '/home/razanhmede/session6_assignment-razan/session6_assignment/install/_local_setup_util_sh.py'
[-35964.292s] INFO:colcon.colcon_core.shell:Creating prefix chain script '/home/razanhmede/session6_assignment-razan/session6_assignment/install/setup.sh'
[-35964.291s] INFO:colcon.colcon_core.shell:Creating prefix script '/home/razanhmede/session6_assignment-razan/session6_assignment/install/local_setup.bash'
[-35964.290s] INFO:colcon.colcon_core.shell:Creating prefix chain script '/home/razanhmede/session6_assignment-razan/session6_assignment/install/setup.bash'
[-35964.289s] INFO:colcon.colcon_core.shell:Creating prefix script '/home/razanhmede/session6_assignment-razan/session6_assignment/install/local_setup.zsh'
[-35964.289s] INFO:colcon.colcon_core.shell:Creating prefix chain script '/home/razanhmede/session6_assignment-razan/session6_assignment/install/setup.zsh'
