[0.010s] Invoking command in '/home/razanhmede/session6_assignment-razan/session6_assignment/build/customized_interfaces': CMAKE_PREFIX_PATH=${CMAKE_PREFIX_PATH}:/home/razanhmede/session6_assignment-razan/session6_assignment/install/warehouse_robot:/opt/ros/humble /usr/bin/cmake --build /home/razanhmede/session6_assignment-razan/session6_assignment/build/customized_interfaces -- -j4 -l4
[0.066s] [  2%] Built target customized_interfaces__cpp
[0.069s] [ 12%] Built target customized_interfaces__rosidl_generator_c
[0.085s] [ 12%] Built target ament_cmake_python_copy_customized_interfaces
[0.093s] [ 23%] Built target customized_interfaces__rosidl_typesupport_fastrtps_cpp
[0.098s] [ 33%] Built target customized_interfaces__rosidl_typesupport_cpp
[0.102s] [ 43%] Built target customized_interfaces__rosidl_typesupport_introspection_cpp
[0.112s] [ 53%] Built target customized_interfaces__rosidl_typesupport_fastrtps_c
[0.118s] [ 64%] Built target customized_interfaces__rosidl_typesupport_introspection_c
[0.125s] [ 74%] Built target customized_interfaces__rosidl_typesupport_c
[0.150s] [ 74%] Built target customized_interfaces
[0.170s] [ 76%] Built target customized_interfaces__py
[0.192s] [ 84%] Built target customized_interfaces__rosidl_generator_py
[0.217s] [ 89%] Built target customized_interfaces__rosidl_typesupport_introspection_c__pyext
[0.220s] [ 94%] Built target customized_interfaces__rosidl_typesupport_fastrtps_c__pyext
[0.223s] [100%] Built target customized_interfaces__rosidl_typesupport_c__pyext
[0.384s] running egg_info
[0.385s] writing customized_interfaces.egg-info/PKG-INFO
[0.386s] writing dependency_links to customized_interfaces.egg-info/dependency_links.txt
[0.395s] writing top-level names to customized_interfaces.egg-info/top_level.txt
[0.395s] reading manifest file 'customized_interfaces.egg-info/SOURCES.txt'
[0.396s] writing manifest file 'customized_interfaces.egg-info/SOURCES.txt'
[0.419s] [100%] Built target ament_cmake_python_build_customized_interfaces_egg
[0.437s] Invoked command in '/home/razanhmede/session6_assignment-razan/session6_assignment/build/customized_interfaces' returned '0': CMAKE_PREFIX_PATH=${CMAKE_PREFIX_PATH}:/home/razanhmede/session6_assignment-razan/session6_assignment/install/warehouse_robot:/opt/ros/humble /usr/bin/cmake --build /home/razanhmede/session6_assignment-razan/session6_assignment/build/customized_interfaces -- -j4 -l4
[0.540s] Invoking command in '/home/razanhmede/session6_assignment-razan/session6_assignment/build/customized_interfaces': CMAKE_PREFIX_PATH=${CMAKE_PREFIX_PATH}:/home/razanhmede/session6_assignment-razan/session6_assignment/install/warehouse_robot:/opt/ros/humble /usr/bin/cmake --install /home/razanhmede/session6_assignment-razan/session6_assignment/build/customized_interfaces
[0.552s] -- Install configuration: ""
[0.552s] -- Up-to-date: /home/razanhmede/session6_assignment-razan/session6_assignment/install/customized_interfaces/share/ament_index/resource_index/rosidl_interfaces/customized_interfaces
[0.552s] -- Up-to-date: /home/razanhmede/session6_assignment-razan/session6_assignment/install/customized_interfaces/include/customized_interfaces/customized_interfaces
[0.552s] -- Up-to-date: /home/razanhmede/session6_assignment-razan/session6_assignment/install/customized_interfaces/include/customized_interfaces/customized_interfaces/action
[0.552s] -- Up-to-date: /home/razanhmede/session6_assignment-razan/session6_assignment/install/customized_interfaces/include/customized_interfaces/customized_interfaces/action/delivery_item.h
[0.552s] -- Up-to-date: /home/razanhmede/session6_assignment-razan/session6_assignment/install/customized_interfaces/include/customized_interfaces/customized_interfaces/action/detail
[0.553s] -- Up-to-date: /home/razanhmede/session6_assignment-razan/session6_assignment/install/customized_interfaces/include/customized_interfaces/customized_interfaces/action/detail/delivery_item__type_support.h
[0.553s] -- Up-to-date: /home/razanhmede/session6_assignment-razan/session6_assignment/install/customized_interfaces/include/customized_interfaces/customized_interfaces/action/detail/delivery_item__functions.h
[0.553s] -- Up-to-date: /home/razanhmede/session6_assignment-razan/session6_assignment/install/customized_interfaces/include/customized_interfaces/customized_interfaces/action/detail/delivery_item__functions.c
[0.553s] -- Up-to-date: /home/razanhmede/session6_assignment-razan/session6_assignment/install/customized_interfaces/include/customized_interfaces/customized_interfaces/action/detail/delivery_item__struct.h
[0.553s] -- Up-to-date: /home/razanhmede/session6_assignment-razan/session6_assignment/install/customized_interfaces/include/customized_interfaces/customized_interfaces/msg
[0.553s] -- Up-to-date: /home/razanhmede/session6_assignment-razan/session6_assignment/install/customized_interfaces/include/customized_interfaces/customized_interfaces/msg/rosidl_generator_c__visibility_control.h
[0.554s] -- Up-to-date: /home/razanhmede/session6_assignment-razan/session6_assignment/install/customized_interfaces/include/customized_interfaces/customized_interfaces/srv
[0.554s] -- Up-to-date: /home/razanhmede/session6_assignment-razan/session6_assignment/install/customized_interfaces/include/customized_interfaces/customized_interfaces/srv/check_stock.h
[0.554s] -- Up-to-date: /home/razanhmede/session6_assignment-razan/session6_assignment/install/customized_interfaces/include/customized_interfaces/customized_interfaces/srv/detail
[0.554s] -- Up-to-date: /home/razanhmede/session6_assignment-razan/session6_assignment/install/customized_interfaces/include/customized_interfaces/customized_interfaces/srv/detail/check_stock__functions.h
[0.555s] -- Up-to-date: /home/razanhmede/session6_assignment-razan/session6_assignment/install/customized_interfaces/include/customized_interfaces/customized_interfaces/srv/detail/check_stock__struct.h
[0.555s] -- Up-to-date: /home/razanhmede/session6_assignment-razan/session6_assignment/install/customized_interfaces/include/customized_interfaces/customized_interfaces/srv/detail/check_stock__functions.c
[0.555s] -- Up-to-date: /home/razanhmede/session6_assignment-razan/session6_assignment/install/customized_interfaces/include/customized_interfaces/customized_interfaces/srv/detail/check_stock__type_support.h
[0.555s] -- Up-to-date: /home/razanhmede/session6_assignment-razan/session6_assignment/install/customized_interfaces/share/customized_interfaces/environment/library_path.sh
[0.555s] -- Up-to-date: /home/razanhmede/session6_assignment-razan/session6_assignment/install/customized_interfaces/share/customized_interfaces/environment/library_path.dsv
[0.555s] -- Up-to-date: /home/razanhmede/session6_assignment-razan/session6_assignment/install/customized_interfaces/lib/libcustomized_interfaces__rosidl_generator_c.so
[0.555s] -- Up-to-date: /home/razanhmede/session6_assignment-razan/session6_assignment/install/customized_interfaces/include/customized_interfaces/customized_interfaces
[0.556s] -- Up-to-date: /home/razanhmede/session6_assignment-razan/session6_assignment/install/customized_interfaces/include/customized_interfaces/customized_interfaces/action
[0.556s] -- Up-to-date: /home/razanhmede/session6_assignment-razan/session6_assignment/install/customized_interfaces/include/customized_interfaces/customized_interfaces/action/detail
[0.556s] -- Up-to-date: /home/razanhmede/session6_assignment-razan/session6_assignment/install/customized_interfaces/include/customized_interfaces/customized_interfaces/action/detail/delivery_item__rosidl_typesupport_fastrtps_c.h
[0.556s] -- Up-to-date: /home/razanhmede/session6_assignment-razan/session6_assignment/install/customized_interfaces/include/customized_interfaces/customized_interfaces/msg
[0.556s] -- Up-to-date: /home/razanhmede/session6_assignment-razan/session6_assignment/install/customized_interfaces/include/customized_interfaces/customized_interfaces/msg/rosidl_typesupport_fastrtps_c__visibility_control.h
[0.556s] -- Up-to-date: /home/razanhmede/session6_assignment-razan/session6_assignment/install/customized_interfaces/include/customized_interfaces/customized_interfaces/srv
[0.556s] -- Up-to-date: /home/razanhmede/session6_assignment-razan/session6_assignment/install/customized_interfaces/include/customized_interfaces/customized_interfaces/srv/detail
[0.556s] -- Up-to-date: /home/razanhmede/session6_assignment-razan/session6_assignment/install/customized_interfaces/include/customized_interfaces/customized_interfaces/srv/detail/check_stock__rosidl_typesupport_fastrtps_c.h
[0.556s] -- Up-to-date: /home/razanhmede/session6_assignment-razan/session6_assignment/install/customized_interfaces/lib/libcustomized_interfaces__rosidl_typesupport_fastrtps_c.so
[0.556s] -- Up-to-date: /home/razanhmede/session6_assignment-razan/session6_assignment/install/customized_interfaces/include/customized_interfaces/customized_interfaces
[0.556s] -- Up-to-date: /home/razanhmede/session6_assignment-razan/session6_assignment/install/customized_interfaces/include/customized_interfaces/customized_interfaces/action
[0.556s] -- Up-to-date: /home/razanhmede/session6_assignment-razan/session6_assignment/install/customized_interfaces/include/customized_interfaces/customized_interfaces/action/detail
[0.557s] -- Up-to-date: /home/razanhmede/session6_assignment-razan/session6_assignment/install/customized_interfaces/include/customized_interfaces/customized_interfaces/action/detail/delivery_item__rosidl_typesupport_introspection_c.h
[0.557s] -- Up-to-date: /home/razanhmede/session6_assignment-razan/session6_assignment/install/customized_interfaces/include/customized_interfaces/customized_interfaces/action/detail/delivery_item__type_support.c
[0.557s] -- Up-to-date: /home/razanhmede/session6_assignment-razan/session6_assignment/install/customized_interfaces/include/customized_interfaces/customized_interfaces/msg
[0.557s] -- Up-to-date: /home/razanhmede/session6_assignment-razan/session6_assignment/install/customized_interfaces/include/customized_interfaces/customized_interfaces/msg/rosidl_typesupport_introspection_c__visibility_control.h
[0.557s] -- Up-to-date: /home/razanhmede/session6_assignment-razan/session6_assignment/install/customized_interfaces/include/customized_interfaces/customized_interfaces/srv
[0.557s] -- Up-to-date: /home/razanhmede/session6_assignment-razan/session6_assignment/install/customized_interfaces/include/customized_interfaces/customized_interfaces/srv/detail
[0.557s] -- Up-to-date: /home/razanhmede/session6_assignment-razan/session6_assignment/install/customized_interfaces/include/customized_interfaces/customized_interfaces/srv/detail/check_stock__rosidl_typesupport_introspection_c.h
[0.557s] -- Up-to-date: /home/razanhmede/session6_assignment-razan/session6_assignment/install/customized_interfaces/include/customized_interfaces/customized_interfaces/srv/detail/check_stock__type_support.c
[0.557s] -- Up-to-date: /home/razanhmede/session6_assignment-razan/session6_assignment/install/customized_interfaces/lib/libcustomized_interfaces__rosidl_typesupport_introspection_c.so
[0.557s] -- Up-to-date: /home/razanhmede/session6_assignment-razan/session6_assignment/install/customized_interfaces/lib/libcustomized_interfaces__rosidl_typesupport_c.so
[0.557s] -- Up-to-date: /home/razanhmede/session6_assignment-razan/session6_assignment/install/customized_interfaces/include/customized_interfaces/customized_interfaces
[0.557s] -- Up-to-date: /home/razanhmede/session6_assignment-razan/session6_assignment/install/customized_interfaces/include/customized_interfaces/customized_interfaces/action
[0.557s] -- Up-to-date: /home/razanhmede/session6_assignment-razan/session6_assignment/install/customized_interfaces/include/customized_interfaces/customized_interfaces/action/delivery_item.hpp
[0.558s] -- Up-to-date: /home/razanhmede/session6_assignment-razan/session6_assignment/install/customized_interfaces/include/customized_interfaces/customized_interfaces/action/detail
[0.558s] -- Up-to-date: /home/razanhmede/session6_assignment-razan/session6_assignment/install/customized_interfaces/include/customized_interfaces/customized_interfaces/action/detail/delivery_item__struct.hpp
[0.558s] -- Up-to-date: /home/razanhmede/session6_assignment-razan/session6_assignment/install/customized_interfaces/include/customized_interfaces/customized_interfaces/action/detail/delivery_item__traits.hpp
[0.558s] -- Up-to-date: /home/razanhmede/session6_assignment-razan/session6_assignment/install/customized_interfaces/include/customized_interfaces/customized_interfaces/action/detail/delivery_item__builder.hpp
[0.558s] -- Up-to-date: /home/razanhmede/session6_assignment-razan/session6_assignment/install/customized_interfaces/include/customized_interfaces/customized_interfaces/srv
[0.558s] -- Up-to-date: /home/razanhmede/session6_assignment-razan/session6_assignment/install/customized_interfaces/include/customized_interfaces/customized_interfaces/srv/detail
[0.558s] -- Up-to-date: /home/razanhmede/session6_assignment-razan/session6_assignment/install/customized_interfaces/include/customized_interfaces/customized_interfaces/srv/detail/check_stock__traits.hpp
[0.558s] -- Up-to-date: /home/razanhmede/session6_assignment-razan/session6_assignment/install/customized_interfaces/include/customized_interfaces/customized_interfaces/srv/detail/check_stock__struct.hpp
[0.558s] -- Up-to-date: /home/razanhmede/session6_assignment-razan/session6_assignment/install/customized_interfaces/include/customized_interfaces/customized_interfaces/srv/detail/check_stock__builder.hpp
[0.558s] -- Up-to-date: /home/razanhmede/session6_assignment-razan/session6_assignment/install/customized_interfaces/include/customized_interfaces/customized_interfaces/srv/check_stock.hpp
[0.558s] -- Up-to-date: /home/razanhmede/session6_assignment-razan/session6_assignment/install/customized_interfaces/include/customized_interfaces/customized_interfaces
[0.558s] -- Up-to-date: /home/razanhmede/session6_assignment-razan/session6_assignment/install/customized_interfaces/include/customized_interfaces/customized_interfaces/action
[0.558s] -- Up-to-date: /home/razanhmede/session6_assignment-razan/session6_assignment/install/customized_interfaces/include/customized_interfaces/customized_interfaces/action/detail
[0.558s] -- Up-to-date: /home/razanhmede/session6_assignment-razan/session6_assignment/install/customized_interfaces/include/customized_interfaces/customized_interfaces/action/detail/dds_fastrtps
[0.558s] -- Up-to-date: /home/razanhmede/session6_assignment-razan/session6_assignment/install/customized_interfaces/include/customized_interfaces/customized_interfaces/action/detail/delivery_item__rosidl_typesupport_fastrtps_cpp.hpp
[0.558s] -- Up-to-date: /home/razanhmede/session6_assignment-razan/session6_assignment/install/customized_interfaces/include/customized_interfaces/customized_interfaces/msg
[0.559s] -- Up-to-date: /home/razanhmede/session6_assignment-razan/session6_assignment/install/customized_interfaces/include/customized_interfaces/customized_interfaces/msg/rosidl_typesupport_fastrtps_cpp__visibility_control.h
[0.559s] -- Up-to-date: /home/razanhmede/session6_assignment-razan/session6_assignment/install/customized_interfaces/include/customized_interfaces/customized_interfaces/srv
[0.559s] -- Up-to-date: /home/razanhmede/session6_assignment-razan/session6_assignment/install/customized_interfaces/include/customized_interfaces/customized_interfaces/srv/detail
[0.559s] -- Up-to-date: /home/razanhmede/session6_assignment-razan/session6_assignment/install/customized_interfaces/include/customized_interfaces/customized_interfaces/srv/detail/dds_fastrtps
[0.559s] -- Up-to-date: /home/razanhmede/session6_assignment-razan/session6_assignment/install/customized_interfaces/include/customized_interfaces/customized_interfaces/srv/detail/check_stock__rosidl_typesupport_fastrtps_cpp.hpp
[0.559s] -- Up-to-date: /home/razanhmede/session6_assignment-razan/session6_assignment/install/customized_interfaces/lib/libcustomized_interfaces__rosidl_typesupport_fastrtps_cpp.so
[0.559s] -- Up-to-date: /home/razanhmede/session6_assignment-razan/session6_assignment/install/customized_interfaces/include/customized_interfaces/customized_interfaces
[0.559s] -- Up-to-date: /home/razanhmede/session6_assignment-razan/session6_assignment/install/customized_interfaces/include/customized_interfaces/customized_interfaces/action
[0.559s] -- Up-to-date: /home/razanhmede/session6_assignment-razan/session6_assignment/install/customized_interfaces/include/customized_interfaces/customized_interfaces/action/detail
[0.559s] -- Up-to-date: /home/razanhmede/session6_assignment-razan/session6_assignment/install/customized_interfaces/include/customized_interfaces/customized_interfaces/action/detail/delivery_item__rosidl_typesupport_introspection_cpp.hpp
[0.559s] -- Up-to-date: /home/razanhmede/session6_assignment-razan/session6_assignment/install/customized_interfaces/include/customized_interfaces/customized_interfaces/action/detail/delivery_item__type_support.cpp
[0.559s] -- Up-to-date: /home/razanhmede/session6_assignment-razan/session6_assignment/install/customized_interfaces/include/customized_interfaces/customized_interfaces/srv
[0.559s] -- Up-to-date: /home/razanhmede/session6_assignment-razan/session6_assignment/install/customized_interfaces/include/customized_interfaces/customized_interfaces/srv/detail
[0.559s] -- Up-to-date: /home/razanhmede/session6_assignment-razan/session6_assignment/install/customized_interfaces/include/customized_interfaces/customized_interfaces/srv/detail/check_stock__type_support.cpp
[0.559s] -- Up-to-date: /home/razanhmede/session6_assignment-razan/session6_assignment/install/customized_interfaces/include/customized_interfaces/customized_interfaces/srv/detail/check_stock__rosidl_typesupport_introspection_cpp.hpp
[0.560s] -- Up-to-date: /home/razanhmede/session6_assignment-razan/session6_assignment/install/customized_interfaces/lib/libcustomized_interfaces__rosidl_typesupport_introspection_cpp.so
[0.560s] -- Up-to-date: /home/razanhmede/session6_assignment-razan/session6_assignment/install/customized_interfaces/lib/libcustomized_interfaces__rosidl_typesupport_cpp.so
[0.560s] -- Up-to-date: /home/razanhmede/session6_assignment-razan/session6_assignment/install/customized_interfaces/share/customized_interfaces/environment/pythonpath.sh
[0.560s] -- Up-to-date: /home/razanhmede/session6_assignment-razan/session6_assignment/install/customized_interfaces/share/customized_interfaces/environment/pythonpath.dsv
[0.560s] -- Up-to-date: /home/razanhmede/session6_assignment-razan/session6_assignment/install/customized_interfaces/local/lib/python3.10/dist-packages/customized_interfaces-0.0.0-py3.10.egg-info
[0.560s] -- Installing: /home/razanhmede/session6_assignment-razan/session6_assignment/install/customized_interfaces/local/lib/python3.10/dist-packages/customized_interfaces-0.0.0-py3.10.egg-info/PKG-INFO
[0.560s] -- Installing: /home/razanhmede/session6_assignment-razan/session6_assignment/install/customized_interfaces/local/lib/python3.10/dist-packages/customized_interfaces-0.0.0-py3.10.egg-info/SOURCES.txt
[0.560s] -- Installing: /home/razanhmede/session6_assignment-razan/session6_assignment/install/customized_interfaces/local/lib/python3.10/dist-packages/customized_interfaces-0.0.0-py3.10.egg-info/top_level.txt
[0.560s] -- Installing: /home/razanhmede/session6_assignment-razan/session6_assignment/install/customized_interfaces/local/lib/python3.10/dist-packages/customized_interfaces-0.0.0-py3.10.egg-info/dependency_links.txt
[0.560s] -- Up-to-date: /home/razanhmede/session6_assignment-razan/session6_assignment/install/customized_interfaces/local/lib/python3.10/dist-packages/customized_interfaces
[0.560s] -- Up-to-date: /home/razanhmede/session6_assignment-razan/session6_assignment/install/customized_interfaces/local/lib/python3.10/dist-packages/customized_interfaces/action
[0.560s] -- Up-to-date: /home/razanhmede/session6_assignment-razan/session6_assignment/install/customized_interfaces/local/lib/python3.10/dist-packages/customized_interfaces/action/_delivery_item.py
[0.560s] -- Up-to-date: /home/razanhmede/session6_assignment-razan/session6_assignment/install/customized_interfaces/local/lib/python3.10/dist-packages/customized_interfaces/action/_delivery_item_s.c
[0.560s] -- Up-to-date: /home/razanhmede/session6_assignment-razan/session6_assignment/install/customized_interfaces/local/lib/python3.10/dist-packages/customized_interfaces/action/__init__.py
[0.560s] -- Up-to-date: /home/razanhmede/session6_assignment-razan/session6_assignment/install/customized_interfaces/local/lib/python3.10/dist-packages/customized_interfaces/customized_interfaces_s__rosidl_typesupport_c.cpython-310-x86_64-linux-gnu.so
[0.560s] -- Up-to-date: /home/razanhmede/session6_assignment-razan/session6_assignment/install/customized_interfaces/local/lib/python3.10/dist-packages/customized_interfaces/_customized_interfaces_s.ep.rosidl_typesupport_introspection_c.c
[0.560s] -- Up-to-date: /home/razanhmede/session6_assignment-razan/session6_assignment/install/customized_interfaces/local/lib/python3.10/dist-packages/customized_interfaces/_customized_interfaces_s.ep.rosidl_typesupport_c.c
[0.560s] -- Up-to-date: /home/razanhmede/session6_assignment-razan/session6_assignment/install/customized_interfaces/local/lib/python3.10/dist-packages/customized_interfaces/customized_interfaces_s__rosidl_typesupport_introspection_c.cpython-310-x86_64-linux-gnu.so
[0.561s] -- Up-to-date: /home/razanhmede/session6_assignment-razan/session6_assignment/install/customized_interfaces/local/lib/python3.10/dist-packages/customized_interfaces/customized_interfaces_s__rosidl_typesupport_fastrtps_c.cpython-310-x86_64-linux-gnu.so
[0.561s] -- Up-to-date: /home/razanhmede/session6_assignment-razan/session6_assignment/install/customized_interfaces/local/lib/python3.10/dist-packages/customized_interfaces/__init__.py
[0.561s] -- Up-to-date: /home/razanhmede/session6_assignment-razan/session6_assignment/install/customized_interfaces/local/lib/python3.10/dist-packages/customized_interfaces/_customized_interfaces_s.ep.rosidl_typesupport_fastrtps_c.c
[0.561s] -- Up-to-date: /home/razanhmede/session6_assignment-razan/session6_assignment/install/customized_interfaces/local/lib/python3.10/dist-packages/customized_interfaces/libcustomized_interfaces__rosidl_generator_py.so
[0.561s] -- Up-to-date: /home/razanhmede/session6_assignment-razan/session6_assignment/install/customized_interfaces/local/lib/python3.10/dist-packages/customized_interfaces/srv
[0.561s] -- Up-to-date: /home/razanhmede/session6_assignment-razan/session6_assignment/install/customized_interfaces/local/lib/python3.10/dist-packages/customized_interfaces/srv/_check_stock.py
[0.561s] -- Up-to-date: /home/razanhmede/session6_assignment-razan/session6_assignment/install/customized_interfaces/local/lib/python3.10/dist-packages/customized_interfaces/srv/__init__.py
[0.561s] -- Up-to-date: /home/razanhmede/session6_assignment-razan/session6_assignment/install/customized_interfaces/local/lib/python3.10/dist-packages/customized_interfaces/srv/_check_stock_s.c
[0.592s] Listing '/home/razanhmede/session6_assignment-razan/session6_assignment/install/customized_interfaces/local/lib/python3.10/dist-packages/customized_interfaces'...
[0.592s] Listing '/home/razanhmede/session6_assignment-razan/session6_assignment/install/customized_interfaces/local/lib/python3.10/dist-packages/customized_interfaces/action'...
[0.593s] Listing '/home/razanhmede/session6_assignment-razan/session6_assignment/install/customized_interfaces/local/lib/python3.10/dist-packages/customized_interfaces/srv'...
[0.598s] -- Up-to-date: /home/razanhmede/session6_assignment-razan/session6_assignment/install/customized_interfaces/local/lib/python3.10/dist-packages/customized_interfaces/customized_interfaces_s__rosidl_typesupport_fastrtps_c.cpython-310-x86_64-linux-gnu.so
[0.598s] -- Up-to-date: /home/razanhmede/session6_assignment-razan/session6_assignment/install/customized_interfaces/local/lib/python3.10/dist-packages/customized_interfaces/customized_interfaces_s__rosidl_typesupport_introspection_c.cpython-310-x86_64-linux-gnu.so
[0.598s] -- Up-to-date: /home/razanhmede/session6_assignment-razan/session6_assignment/install/customized_interfaces/local/lib/python3.10/dist-packages/customized_interfaces/customized_interfaces_s__rosidl_typesupport_c.cpython-310-x86_64-linux-gnu.so
[0.598s] -- Up-to-date: /home/razanhmede/session6_assignment-razan/session6_assignment/install/customized_interfaces/lib/libcustomized_interfaces__rosidl_generator_py.so
[0.599s] -- Up-to-date: /home/razanhmede/session6_assignment-razan/session6_assignment/install/customized_interfaces/share/customized_interfaces/srv/CheckStock.idl
[0.599s] -- Up-to-date: /home/razanhmede/session6_assignment-razan/session6_assignment/install/customized_interfaces/share/customized_interfaces/action/DeliveryItem.idl
[0.599s] -- Up-to-date: /home/razanhmede/session6_assignment-razan/session6_assignment/install/customized_interfaces/share/customized_interfaces/srv/CheckStock.srv
[0.599s] -- Up-to-date: /home/razanhmede/session6_assignment-razan/session6_assignment/install/customized_interfaces/share/customized_interfaces/srv/CheckStock_Request.msg
[0.599s] -- Up-to-date: /home/razanhmede/session6_assignment-razan/session6_assignment/install/customized_interfaces/share/customized_interfaces/srv/CheckStock_Response.msg
[0.599s] -- Up-to-date: /home/razanhmede/session6_assignment-razan/session6_assignment/install/customized_interfaces/share/customized_interfaces/action/DeliveryItem.action
[0.599s] -- Up-to-date: /home/razanhmede/session6_assignment-razan/session6_assignment/install/customized_interfaces/share/ament_index/resource_index/package_run_dependencies/customized_interfaces
[0.599s] -- Up-to-date: /home/razanhmede/session6_assignment-razan/session6_assignment/install/customized_interfaces/share/ament_index/resource_index/parent_prefix_path/customized_interfaces
[0.600s] -- Up-to-date: /home/razanhmede/session6_assignment-razan/session6_assignment/install/customized_interfaces/share/customized_interfaces/environment/ament_prefix_path.sh
[0.600s] -- Up-to-date: /home/razanhmede/session6_assignment-razan/session6_assignment/install/customized_interfaces/share/customized_interfaces/environment/ament_prefix_path.dsv
[0.600s] -- Up-to-date: /home/razanhmede/session6_assignment-razan/session6_assignment/install/customized_interfaces/share/customized_interfaces/environment/path.sh
[0.600s] -- Up-to-date: /home/razanhmede/session6_assignment-razan/session6_assignment/install/customized_interfaces/share/customized_interfaces/environment/path.dsv
[0.600s] -- Up-to-date: /home/razanhmede/session6_assignment-razan/session6_assignment/install/customized_interfaces/share/customized_interfaces/local_setup.bash
[0.600s] -- Up-to-date: /home/razanhmede/session6_assignment-razan/session6_assignment/install/customized_interfaces/share/customized_interfaces/local_setup.sh
[0.601s] -- Up-to-date: /home/razanhmede/session6_assignment-razan/session6_assignment/install/customized_interfaces/share/customized_interfaces/local_setup.zsh
[0.601s] -- Up-to-date: /home/razanhmede/session6_assignment-razan/session6_assignment/install/customized_interfaces/share/customized_interfaces/local_setup.dsv
[0.601s] -- Installing: /home/razanhmede/session6_assignment-razan/session6_assignment/install/customized_interfaces/share/customized_interfaces/package.dsv
[0.601s] -- Up-to-date: /home/razanhmede/session6_assignment-razan/session6_assignment/install/customized_interfaces/share/ament_index/resource_index/packages/customized_interfaces
[0.601s] -- Up-to-date: /home/razanhmede/session6_assignment-razan/session6_assignment/install/customized_interfaces/share/customized_interfaces/cmake/export_customized_interfaces__rosidl_generator_cExport.cmake
[0.601s] -- Up-to-date: /home/razanhmede/session6_assignment-razan/session6_assignment/install/customized_interfaces/share/customized_interfaces/cmake/export_customized_interfaces__rosidl_generator_cExport-noconfig.cmake
[0.601s] -- Up-to-date: /home/razanhmede/session6_assignment-razan/session6_assignment/install/customized_interfaces/share/customized_interfaces/cmake/export_customized_interfaces__rosidl_typesupport_fastrtps_cExport.cmake
[0.601s] -- Up-to-date: /home/razanhmede/session6_assignment-razan/session6_assignment/install/customized_interfaces/share/customized_interfaces/cmake/export_customized_interfaces__rosidl_typesupport_fastrtps_cExport-noconfig.cmake
[0.601s] -- Up-to-date: /home/razanhmede/session6_assignment-razan/session6_assignment/install/customized_interfaces/share/customized_interfaces/cmake/customized_interfaces__rosidl_typesupport_introspection_cExport.cmake
[0.601s] -- Up-to-date: /home/razanhmede/session6_assignment-razan/session6_assignment/install/customized_interfaces/share/customized_interfaces/cmake/customized_interfaces__rosidl_typesupport_introspection_cExport-noconfig.cmake
[0.601s] -- Up-to-date: /home/razanhmede/session6_assignment-razan/session6_assignment/install/customized_interfaces/share/customized_interfaces/cmake/customized_interfaces__rosidl_typesupport_cExport.cmake
[0.601s] -- Up-to-date: /home/razanhmede/session6_assignment-razan/session6_assignment/install/customized_interfaces/share/customized_interfaces/cmake/customized_interfaces__rosidl_typesupport_cExport-noconfig.cmake
[0.601s] -- Up-to-date: /home/razanhmede/session6_assignment-razan/session6_assignment/install/customized_interfaces/share/customized_interfaces/cmake/export_customized_interfaces__rosidl_generator_cppExport.cmake
[0.601s] -- Up-to-date: /home/razanhmede/session6_assignment-razan/session6_assignment/install/customized_interfaces/share/customized_interfaces/cmake/export_customized_interfaces__rosidl_typesupport_fastrtps_cppExport.cmake
[0.602s] -- Up-to-date: /home/razanhmede/session6_assignment-razan/session6_assignment/install/customized_interfaces/share/customized_interfaces/cmake/export_customized_interfaces__rosidl_typesupport_fastrtps_cppExport-noconfig.cmake
[0.602s] -- Up-to-date: /home/razanhmede/session6_assignment-razan/session6_assignment/install/customized_interfaces/share/customized_interfaces/cmake/customized_interfaces__rosidl_typesupport_introspection_cppExport.cmake
[0.602s] -- Up-to-date: /home/razanhmede/session6_assignment-razan/session6_assignment/install/customized_interfaces/share/customized_interfaces/cmake/customized_interfaces__rosidl_typesupport_introspection_cppExport-noconfig.cmake
[0.602s] -- Up-to-date: /home/razanhmede/session6_assignment-razan/session6_assignment/install/customized_interfaces/share/customized_interfaces/cmake/customized_interfaces__rosidl_typesupport_cppExport.cmake
[0.602s] -- Up-to-date: /home/razanhmede/session6_assignment-razan/session6_assignment/install/customized_interfaces/share/customized_interfaces/cmake/customized_interfaces__rosidl_typesupport_cppExport-noconfig.cmake
[0.602s] -- Up-to-date: /home/razanhmede/session6_assignment-razan/session6_assignment/install/customized_interfaces/share/customized_interfaces/cmake/export_customized_interfaces__rosidl_generator_pyExport.cmake
[0.602s] -- Up-to-date: /home/razanhmede/session6_assignment-razan/session6_assignment/install/customized_interfaces/share/customized_interfaces/cmake/export_customized_interfaces__rosidl_generator_pyExport-noconfig.cmake
[0.602s] -- Up-to-date: /home/razanhmede/session6_assignment-razan/session6_assignment/install/customized_interfaces/share/customized_interfaces/cmake/rosidl_cmake-extras.cmake
[0.602s] -- Up-to-date: /home/razanhmede/session6_assignment-razan/session6_assignment/install/customized_interfaces/share/customized_interfaces/cmake/ament_cmake_export_dependencies-extras.cmake
[0.602s] -- Up-to-date: /home/razanhmede/session6_assignment-razan/session6_assignment/install/customized_interfaces/share/customized_interfaces/cmake/ament_cmake_export_include_directories-extras.cmake
[0.602s] -- Up-to-date: /home/razanhmede/session6_assignment-razan/session6_assignment/install/customized_interfaces/share/customized_interfaces/cmake/ament_cmake_export_libraries-extras.cmake
[0.602s] -- Up-to-date: /home/razanhmede/session6_assignment-razan/session6_assignment/install/customized_interfaces/share/customized_interfaces/cmake/ament_cmake_export_targets-extras.cmake
[0.602s] -- Up-to-date: /home/razanhmede/session6_assignment-razan/session6_assignment/install/customized_interfaces/share/customized_interfaces/cmake/rosidl_cmake_export_typesupport_targets-extras.cmake
[0.602s] -- Up-to-date: /home/razanhmede/session6_assignment-razan/session6_assignment/install/customized_interfaces/share/customized_interfaces/cmake/rosidl_cmake_export_typesupport_libraries-extras.cmake
[0.603s] -- Up-to-date: /home/razanhmede/session6_assignment-razan/session6_assignment/install/customized_interfaces/share/customized_interfaces/cmake/customized_interfacesConfig.cmake
[0.603s] -- Up-to-date: /home/razanhmede/session6_assignment-razan/session6_assignment/install/customized_interfaces/share/customized_interfaces/cmake/customized_interfacesConfig-version.cmake
[0.603s] -- Up-to-date: /home/razanhmede/session6_assignment-razan/session6_assignment/install/customized_interfaces/share/customized_interfaces/package.xml
[0.604s] Invoked command in '/home/razanhmede/session6_assignment-razan/session6_assignment/build/customized_interfaces' returned '0': CMAKE_PREFIX_PATH=${CMAKE_PREFIX_PATH}:/home/razanhmede/session6_assignment-razan/session6_assignment/install/warehouse_robot:/opt/ros/humble /usr/bin/cmake --install /home/razanhmede/session6_assignment-razan/session6_assignment/build/customized_interfaces
