[0.652s] Invoking command in '/home/razanhmede/session6_assignment-razan/session6_assignment/src/warehouse_robot': PYTHONPATH=/home/razanhmede/session6_assignment-razan/session6_assignment/build/warehouse_robot/prefix_override:/usr/lib/python3/dist-packages/colcon_core/task/python/colcon_distutils_commands:/home/razanhmede/session6_assignment-razan/session6_assignment/install/warehouse_robot/lib/python3.10/site-packages:${PYTHONPATH} /usr/bin/python3 -W ignore:setup.py install is deprecated setup.py egg_info --egg-base ../../build/warehouse_robot build --build-base /home/razanhmede/session6_assignment-razan/session6_assignment/build/warehouse_robot/build install --record /home/razanhmede/session6_assignment-razan/session6_assignment/build/warehouse_robot/install.log --single-version-externally-managed install_data
[0.920s] running egg_info
[0.921s] writing ../../build/warehouse_robot/warehouse_robot.egg-info/PKG-INFO
[0.921s] writing dependency_links to ../../build/warehouse_robot/warehouse_robot.egg-info/dependency_links.txt
[0.922s] writing entry points to ../../build/warehouse_robot/warehouse_robot.egg-info/entry_points.txt
[0.922s] writing requirements to ../../build/warehouse_robot/warehouse_robot.egg-info/requires.txt
[0.922s] writing top-level names to ../../build/warehouse_robot/warehouse_robot.egg-info/top_level.txt
[0.924s] reading manifest file '../../build/warehouse_robot/warehouse_robot.egg-info/SOURCES.txt'
[0.928s] writing manifest file '../../build/warehouse_robot/warehouse_robot.egg-info/SOURCES.txt'
[0.928s] running build
[0.929s] running build_py
[0.929s] copying warehouse_robot/Item_delivery_action_client.py -> /home/razanhmede/session6_assignment-razan/session6_assignment/build/warehouse_robot/build/lib/warehouse_robot
[0.930s] copying warehouse_robot/Item_delivery_action_server.py -> /home/razanhmede/session6_assignment-razan/session6_assignment/build/warehouse_robot/build/lib/warehouse_robot
[0.930s] running install
[0.930s] running install_lib
[0.931s] copying /home/razanhmede/session6_assignment-razan/session6_assignment/build/warehouse_robot/build/lib/warehouse_robot/Item_delivery_action_client.py -> /home/razanhmede/session6_assignment-razan/session6_assignment/install/warehouse_robot/lib/python3.10/site-packages/warehouse_robot
[0.931s] copying /home/razanhmede/session6_assignment-razan/session6_assignment/build/warehouse_robot/build/lib/warehouse_robot/Item_delivery_action_server.py -> /home/razanhmede/session6_assignment-razan/session6_assignment/install/warehouse_robot/lib/python3.10/site-packages/warehouse_robot
[0.932s] byte-compiling /home/razanhmede/session6_assignment-razan/session6_assignment/install/warehouse_robot/lib/python3.10/site-packages/warehouse_robot/Item_delivery_action_client.py to Item_delivery_action_client.cpython-310.pyc
[0.933s] byte-compiling /home/razanhmede/session6_assignment-razan/session6_assignment/install/warehouse_robot/lib/python3.10/site-packages/warehouse_robot/Item_delivery_action_server.py to Item_delivery_action_server.cpython-310.pyc
[0.934s] running install_data
[0.935s] copying launch/warehouse_robot_launch.py -> /home/razanhmede/session6_assignment-razan/session6_assignment/install/warehouse_robot/share/warehouse_robot/launch
[0.935s] running install_egg_info
[0.937s] removing '/home/razanhmede/session6_assignment-razan/session6_assignment/install/warehouse_robot/lib/python3.10/site-packages/warehouse_robot-0.0.0-py3.10.egg-info' (and everything under it)
[0.937s] Copying ../../build/warehouse_robot/warehouse_robot.egg-info to /home/razanhmede/session6_assignment-razan/session6_assignment/install/warehouse_robot/lib/python3.10/site-packages/warehouse_robot-0.0.0-py3.10.egg-info
[0.938s] running install_scripts
[0.964s] Installing Item_delivery_action_client script to /home/razanhmede/session6_assignment-razan/session6_assignment/install/warehouse_robot/lib/warehouse_robot
[0.964s] Installing Item_delivery_action_server script to /home/razanhmede/session6_assignment-razan/session6_assignment/install/warehouse_robot/lib/warehouse_robot
[0.964s] Installing stock_checker_service_client script to /home/razanhmede/session6_assignment-razan/session6_assignment/install/warehouse_robot/lib/warehouse_robot
[0.965s] Installing stock_checker_service_server script to /home/razanhmede/session6_assignment-razan/session6_assignment/install/warehouse_robot/lib/warehouse_robot
[0.965s] writing list of installed files to '/home/razanhmede/session6_assignment-razan/session6_assignment/build/warehouse_robot/install.log'
[0.991s] Invoked command in '/home/razanhmede/session6_assignment-razan/session6_assignment/src/warehouse_robot' returned '0': PYTHONPATH=/home/razanhmede/session6_assignment-razan/session6_assignment/build/warehouse_robot/prefix_override:/usr/lib/python3/dist-packages/colcon_core/task/python/colcon_distutils_commands:/home/razanhmede/session6_assignment-razan/session6_assignment/install/warehouse_robot/lib/python3.10/site-packages:${PYTHONPATH} /usr/bin/python3 -W ignore:setup.py install is deprecated setup.py egg_info --egg-base ../../build/warehouse_robot build --build-base /home/razanhmede/session6_assignment-razan/session6_assignment/build/warehouse_robot/build install --record /home/razanhmede/session6_assignment-razan/session6_assignment/build/warehouse_robot/install.log --single-version-externally-managed install_data
