[0.084s] Invoking command in '/home/razanhmede/session6_assignment-razan/session6_assignment/build/customized_interfaces': CMAKE_PREFIX_PATH=/home/razanhmede/session6_assignment-razan/session6_assignment/install/warehouse_robot:/opt/ros/humble /usr/bin/cmake /home/razanhmede/session6_assignment-razan/session6_assignment/src/customized_interfaces -DCMAKE_INSTALL_PREFIX=/home/razanhmede/session6_assignment-razan/session6_assignment/install/customized_interfaces
[0.997s] -- The C compiler identification is GNU 11.4.0
[1.234s] -- The CXX compiler identification is GNU 11.4.0
[1.325s] -- Detecting C compiler ABI info
[1.463s] -- Detecting C compiler ABI info - done
[1.476s] -- Check for working C compiler: /usr/bin/cc - skipped
[1.477s] -- Detecting C compile features
[1.484s] -- Detecting C compile features - done
[1.490s] -- Detecting CXX compiler ABI info
[1.580s] -- Detecting CXX compiler ABI info - done
[1.587s] -- Check for working CXX compiler: /usr/bin/c++ - skipped
[1.587s] -- Detecting CXX compile features
[1.588s] -- Detecting CXX compile features - done
[1.666s] -- Found ament_cmake: 1.3.9 (/opt/ros/humble/share/ament_cmake/cmake)
[1.989s] -- Found Python3: /usr/bin/python3 (found version "3.10.12") found components: Interpreter 
[2.307s] -- Found rosidl_default_generators: 1.2.0 (/opt/ros/humble/share/rosidl_default_generators/cmake)
[2.355s] -- Using all available rosidl_typesupport_c: rosidl_typesupport_fastrtps_c;rosidl_typesupport_introspection_c
[2.389s] -- Found rosidl_adapter: 3.1.5 (/opt/ros/humble/share/rosidl_adapter/cmake)
[2.600s] -- Using all available rosidl_typesupport_cpp: rosidl_typesupport_fastrtps_cpp;rosidl_typesupport_introspection_cpp
[3.036s] [31mCMake Error at /opt/ros/humble/share/rosidl_adapter/cmake/rosidl_adapt_interfaces.cmake:59 (message):
[3.036s]   execute_process(/usr/bin/python3 -m rosidl_adapter --package-name
[3.036s]   customized_interfaces --arguments-file
[3.036s]   /home/razanhmede/session6_assignment-razan/session6_assignment/build/customized_interfaces/rosidl_adapter__arguments__customized_interfaces.json
[3.036s]   --output-dir
[3.036s]   /home/razanhmede/session6_assignment-razan/session6_assignment/build/customized_interfaces/rosidl_adapter/customized_interfaces
[3.037s]   --output-file
[3.037s]   /home/razanhmede/session6_assignment-razan/session6_assignment/build/customized_interfaces/rosidl_adapter/customized_interfaces.idls)
[3.037s]   returned error code 1:
[3.037s] 
[3.037s]   Error processing ' string item_name' of
[3.037s]   'customized_interfaces/CheckStock_Request': 'string index out of range'
[3.037s] 
[3.037s]   Traceback (most recent call last):
[3.037s] 
[3.037s]     File "/usr/lib/python3.10/runpy.py", line 196, in _run_module_as_main
[3.038s]       return _run_code(code, main_globals, None,
[3.038s]     File "/usr/lib/python3.10/runpy.py", line 86, in _run_code
[3.038s]       exec(code, run_globals)
[3.038s]     File "/opt/ros/humble/local/lib/python3.10/dist-packages/rosidl_adapter/__main__.py", line 19, in <module>
[3.038s]       sys.exit(main())
[3.038s]     File "/opt/ros/humble/local/lib/python3.10/dist-packages/rosidl_adapter/main.py", line 53, in main
[3.038s]       abs_idl_file = convert_to_idl(
[3.038s]     File "/opt/ros/humble/local/lib/python3.10/dist-packages/rosidl_adapter/__init__.py", line 24, in convert_to_idl
[3.038s]       return convert_srv_to_idl(
[3.038s]     File "/opt/ros/humble/local/lib/python3.10/dist-packages/rosidl_adapter/srv/__init__.py", line 28, in convert_srv_to_idl
[3.038s]       srv = parse_service_string(package_name, input_file.stem, content)
[3.038s]     File "/opt/ros/humble/local/lib/python3.10/dist-packages/rosidl_adapter/parser.py", line 859, in parse_service_string
[3.039s]       request_message = parse_message_string(
[3.039s]     File "/opt/ros/humble/local/lib/python3.10/dist-packages/rosidl_adapter/parser.py", line 520, in parse_message_string
[3.039s]       Type(type_string, context_package_name=pkg_name),
[3.039s]     File "/opt/ros/humble/local/lib/python3.10/dist-packages/rosidl_adapter/parser.py", line 241, in __init__
[3.039s]       self.is_array = type_string[-1] == ']'
[3.039s] 
[3.039s]   IndexError: string index out of range
[3.039s] 
[3.039s] Call Stack (most recent call first):
[3.039s]   /opt/ros/humble/share/rosidl_cmake/cmake/rosidl_generate_interfaces.cmake:130 (rosidl_adapt_interfaces)
[3.039s]   CMakeLists.txt:9 (rosidl_generate_interfaces)
[3.039s] 
[3.040s] [0m
[3.040s] -- Configuring incomplete, errors occurred!
[3.040s] See also "/home/razanhmede/session6_assignment-razan/session6_assignment/build/customized_interfaces/CMakeFiles/CMakeOutput.log".
[3.046s] Invoked command in '/home/razanhmede/session6_assignment-razan/session6_assignment/build/customized_interfaces' returned '1': CMAKE_PREFIX_PATH=/home/razanhmede/session6_assignment-razan/session6_assignment/install/warehouse_robot:/opt/ros/humble /usr/bin/cmake /home/razanhmede/session6_assignment-razan/session6_assignment/src/customized_interfaces -DCMAKE_INSTALL_PREFIX=/home/razanhmede/session6_assignment-razan/session6_assignment/install/customized_interfaces
