[0.013s] Invoking command in '/home/razanhmede/session6_assignment-razan/session6_assignment/build/customized_interfaces': CMAKE_PREFIX_PATH=${CMAKE_PREFIX_PATH}:/home/razanhmede/session6_assignment-razan/session6_assignment/install/warehouse_robot:/opt/ros/humble /usr/bin/cmake --build /home/razanhmede/session6_assignment-razan/session6_assignment/build/customized_interfaces -- -j4 -l4
[0.085s] [  3%] Built target customized_interfaces__cpp
[0.090s] [ 12%] Built target customized_interfaces__rosidl_generator_c
[0.108s] [ 12%] Built target ament_cmake_python_copy_customized_interfaces
[0.136s] [ 22%] Built target customized_interfaces__rosidl_typesupport_introspection_cpp
[0.139s] [ 32%] Built target customized_interfaces__rosidl_typesupport_fastrtps_cpp
[0.153s] [ 41%] Built target customized_interfaces__rosidl_typesupport_cpp
[0.171s] [ 51%] Built target customized_interfaces__rosidl_typesupport_c
[0.173s] [ 61%] Built target customized_interfaces__rosidl_typesupport_fastrtps_c
[0.181s] [ 70%] Built target customized_interfaces__rosidl_typesupport_introspection_c
[0.210s] [ 70%] Built target customized_interfaces
[0.252s] [ 74%] Built target customized_interfaces__py
[0.285s] [ 80%] Built target customized_interfaces__rosidl_generator_py
[0.316s] [ 87%] Built target customized_interfaces__rosidl_typesupport_introspection_c__pyext
[0.328s] [ 93%] Built target customized_interfaces__rosidl_typesupport_c__pyext
[0.346s] [100%] Built target customized_interfaces__rosidl_typesupport_fastrtps_c__pyext
[0.496s] running egg_info
[0.496s] writing customized_interfaces.egg-info/PKG-INFO
[0.497s] writing dependency_links to customized_interfaces.egg-info/dependency_links.txt
[0.497s] writing top-level names to customized_interfaces.egg-info/top_level.txt
[0.499s] reading manifest file 'customized_interfaces.egg-info/SOURCES.txt'
[0.500s] writing manifest file 'customized_interfaces.egg-info/SOURCES.txt'
[0.525s] [100%] Built target ament_cmake_python_build_customized_interfaces_egg
[0.539s] Invoked command in '/home/razanhmede/session6_assignment-razan/session6_assignment/build/customized_interfaces' returned '0': CMAKE_PREFIX_PATH=${CMAKE_PREFIX_PATH}:/home/razanhmede/session6_assignment-razan/session6_assignment/install/warehouse_robot:/opt/ros/humble /usr/bin/cmake --build /home/razanhmede/session6_assignment-razan/session6_assignment/build/customized_interfaces -- -j4 -l4
[0.606s] Invoking command in '/home/razanhmede/session6_assignment-razan/session6_assignment/build/customized_interfaces': CMAKE_PREFIX_PATH=${CMAKE_PREFIX_PATH}:/home/razanhmede/session6_assignment-razan/session6_assignment/install/warehouse_robot:/opt/ros/humble /usr/bin/cmake --install /home/razanhmede/session6_assignment-razan/session6_assignment/build/customized_interfaces
[0.613s] -- Install configuration: ""
[0.613s] -- Up-to-date: /home/razanhmede/session6_assignment-razan/session6_assignment/install/customized_interfaces/share/ament_index/resource_index/rosidl_interfaces/customized_interfaces
[0.613s] -- Up-to-date: /home/razanhmede/session6_assignment-razan/session6_assignment/install/customized_interfaces/include/customized_interfaces/customized_interfaces
[0.614s] -- Up-to-date: /home/razanhmede/session6_assignment-razan/session6_assignment/install/customized_interfaces/include/customized_interfaces/customized_interfaces/msg
[0.614s] -- Up-to-date: /home/razanhmede/session6_assignment-razan/session6_assignment/install/customized_interfaces/include/customized_interfaces/customized_interfaces/msg/rosidl_generator_c__visibility_control.h
[0.614s] -- Up-to-date: /home/razanhmede/session6_assignment-razan/session6_assignment/install/customized_interfaces/include/customized_interfaces/customized_interfaces/srv
[0.614s] -- Up-to-date: /home/razanhmede/session6_assignment-razan/session6_assignment/install/customized_interfaces/include/customized_interfaces/customized_interfaces/srv/check_stock.h
[0.614s] -- Up-to-date: /home/razanhmede/session6_assignment-razan/session6_assignment/install/customized_interfaces/include/customized_interfaces/customized_interfaces/srv/detail
[0.614s] -- Up-to-date: /home/razanhmede/session6_assignment-razan/session6_assignment/install/customized_interfaces/include/customized_interfaces/customized_interfaces/srv/detail/check_stock__functions.h
[0.614s] -- Up-to-date: /home/razanhmede/session6_assignment-razan/session6_assignment/install/customized_interfaces/include/customized_interfaces/customized_interfaces/srv/detail/check_stock__struct.h
[0.614s] -- Up-to-date: /home/razanhmede/session6_assignment-razan/session6_assignment/install/customized_interfaces/include/customized_interfaces/customized_interfaces/srv/detail/check_stock__functions.c
[0.614s] -- Up-to-date: /home/razanhmede/session6_assignment-razan/session6_assignment/install/customized_interfaces/include/customized_interfaces/customized_interfaces/srv/detail/check_stock__type_support.h
[0.614s] -- Up-to-date: /home/razanhmede/session6_assignment-razan/session6_assignment/install/customized_interfaces/share/customized_interfaces/environment/library_path.sh
[0.614s] -- Up-to-date: /home/razanhmede/session6_assignment-razan/session6_assignment/install/customized_interfaces/share/customized_interfaces/environment/library_path.dsv
[0.614s] -- Up-to-date: /home/razanhmede/session6_assignment-razan/session6_assignment/install/customized_interfaces/lib/libcustomized_interfaces__rosidl_generator_c.so
[0.614s] -- Up-to-date: /home/razanhmede/session6_assignment-razan/session6_assignment/install/customized_interfaces/include/customized_interfaces/customized_interfaces
[0.614s] -- Up-to-date: /home/razanhmede/session6_assignment-razan/session6_assignment/install/customized_interfaces/include/customized_interfaces/customized_interfaces/msg
[0.614s] -- Up-to-date: /home/razanhmede/session6_assignment-razan/session6_assignment/install/customized_interfaces/include/customized_interfaces/customized_interfaces/msg/rosidl_typesupport_fastrtps_c__visibility_control.h
[0.614s] -- Up-to-date: /home/razanhmede/session6_assignment-razan/session6_assignment/install/customized_interfaces/include/customized_interfaces/customized_interfaces/srv
[0.614s] -- Up-to-date: /home/razanhmede/session6_assignment-razan/session6_assignment/install/customized_interfaces/include/customized_interfaces/customized_interfaces/srv/detail
[0.615s] -- Up-to-date: /home/razanhmede/session6_assignment-razan/session6_assignment/install/customized_interfaces/include/customized_interfaces/customized_interfaces/srv/detail/check_stock__rosidl_typesupport_fastrtps_c.h
[0.615s] -- Up-to-date: /home/razanhmede/session6_assignment-razan/session6_assignment/install/customized_interfaces/lib/libcustomized_interfaces__rosidl_typesupport_fastrtps_c.so
[0.615s] -- Up-to-date: /home/razanhmede/session6_assignment-razan/session6_assignment/install/customized_interfaces/include/customized_interfaces/customized_interfaces
[0.615s] -- Up-to-date: /home/razanhmede/session6_assignment-razan/session6_assignment/install/customized_interfaces/include/customized_interfaces/customized_interfaces/msg
[0.615s] -- Up-to-date: /home/razanhmede/session6_assignment-razan/session6_assignment/install/customized_interfaces/include/customized_interfaces/customized_interfaces/msg/rosidl_typesupport_introspection_c__visibility_control.h
[0.615s] -- Up-to-date: /home/razanhmede/session6_assignment-razan/session6_assignment/install/customized_interfaces/include/customized_interfaces/customized_interfaces/srv
[0.615s] -- Up-to-date: /home/razanhmede/session6_assignment-razan/session6_assignment/install/customized_interfaces/include/customized_interfaces/customized_interfaces/srv/detail
[0.615s] -- Up-to-date: /home/razanhmede/session6_assignment-razan/session6_assignment/install/customized_interfaces/include/customized_interfaces/customized_interfaces/srv/detail/check_stock__rosidl_typesupport_introspection_c.h
[0.615s] -- Up-to-date: /home/razanhmede/session6_assignment-razan/session6_assignment/install/customized_interfaces/include/customized_interfaces/customized_interfaces/srv/detail/check_stock__type_support.c
[0.615s] -- Up-to-date: /home/razanhmede/session6_assignment-razan/session6_assignment/install/customized_interfaces/lib/libcustomized_interfaces__rosidl_typesupport_introspection_c.so
[0.615s] -- Up-to-date: /home/razanhmede/session6_assignment-razan/session6_assignment/install/customized_interfaces/lib/libcustomized_interfaces__rosidl_typesupport_c.so
[0.616s] -- Up-to-date: /home/razanhmede/session6_assignment-razan/session6_assignment/install/customized_interfaces/include/customized_interfaces/customized_interfaces
[0.616s] -- Up-to-date: /home/razanhmede/session6_assignment-razan/session6_assignment/install/customized_interfaces/include/customized_interfaces/customized_interfaces/srv
[0.616s] -- Up-to-date: /home/razanhmede/session6_assignment-razan/session6_assignment/install/customized_interfaces/include/customized_interfaces/customized_interfaces/srv/detail
[0.616s] -- Up-to-date: /home/razanhmede/session6_assignment-razan/session6_assignment/install/customized_interfaces/include/customized_interfaces/customized_interfaces/srv/detail/check_stock__traits.hpp
[0.616s] -- Up-to-date: /home/razanhmede/session6_assignment-razan/session6_assignment/install/customized_interfaces/include/customized_interfaces/customized_interfaces/srv/detail/check_stock__struct.hpp
[0.616s] -- Up-to-date: /home/razanhmede/session6_assignment-razan/session6_assignment/install/customized_interfaces/include/customized_interfaces/customized_interfaces/srv/detail/check_stock__builder.hpp
[0.616s] -- Up-to-date: /home/razanhmede/session6_assignment-razan/session6_assignment/install/customized_interfaces/include/customized_interfaces/customized_interfaces/srv/check_stock.hpp
[0.617s] -- Up-to-date: /home/razanhmede/session6_assignment-razan/session6_assignment/install/customized_interfaces/include/customized_interfaces/customized_interfaces
[0.617s] -- Up-to-date: /home/razanhmede/session6_assignment-razan/session6_assignment/install/customized_interfaces/include/customized_interfaces/customized_interfaces/msg
[0.617s] -- Up-to-date: /home/razanhmede/session6_assignment-razan/session6_assignment/install/customized_interfaces/include/customized_interfaces/customized_interfaces/msg/rosidl_typesupport_fastrtps_cpp__visibility_control.h
[0.617s] -- Up-to-date: /home/razanhmede/session6_assignment-razan/session6_assignment/install/customized_interfaces/include/customized_interfaces/customized_interfaces/srv
[0.617s] -- Up-to-date: /home/razanhmede/session6_assignment-razan/session6_assignment/install/customized_interfaces/include/customized_interfaces/customized_interfaces/srv/detail
[0.617s] -- Up-to-date: /home/razanhmede/session6_assignment-razan/session6_assignment/install/customized_interfaces/include/customized_interfaces/customized_interfaces/srv/detail/dds_fastrtps
[0.617s] -- Up-to-date: /home/razanhmede/session6_assignment-razan/session6_assignment/install/customized_interfaces/include/customized_interfaces/customized_interfaces/srv/detail/check_stock__rosidl_typesupport_fastrtps_cpp.hpp
[0.617s] -- Up-to-date: /home/razanhmede/session6_assignment-razan/session6_assignment/install/customized_interfaces/lib/libcustomized_interfaces__rosidl_typesupport_fastrtps_cpp.so
[0.618s] -- Up-to-date: /home/razanhmede/session6_assignment-razan/session6_assignment/install/customized_interfaces/include/customized_interfaces/customized_interfaces
[0.618s] -- Up-to-date: /home/razanhmede/session6_assignment-razan/session6_assignment/install/customized_interfaces/include/customized_interfaces/customized_interfaces/srv
[0.618s] -- Up-to-date: /home/razanhmede/session6_assignment-razan/session6_assignment/install/customized_interfaces/include/customized_interfaces/customized_interfaces/srv/detail
[0.618s] -- Up-to-date: /home/razanhmede/session6_assignment-razan/session6_assignment/install/customized_interfaces/include/customized_interfaces/customized_interfaces/srv/detail/check_stock__type_support.cpp
[0.618s] -- Up-to-date: /home/razanhmede/session6_assignment-razan/session6_assignment/install/customized_interfaces/include/customized_interfaces/customized_interfaces/srv/detail/check_stock__rosidl_typesupport_introspection_cpp.hpp
[0.619s] -- Up-to-date: /home/razanhmede/session6_assignment-razan/session6_assignment/install/customized_interfaces/lib/libcustomized_interfaces__rosidl_typesupport_introspection_cpp.so
[0.619s] -- Up-to-date: /home/razanhmede/session6_assignment-razan/session6_assignment/install/customized_interfaces/lib/libcustomized_interfaces__rosidl_typesupport_cpp.so
[0.619s] -- Up-to-date: /home/razanhmede/session6_assignment-razan/session6_assignment/install/customized_interfaces/share/customized_interfaces/environment/pythonpath.sh
[0.619s] -- Up-to-date: /home/razanhmede/session6_assignment-razan/session6_assignment/install/customized_interfaces/share/customized_interfaces/environment/pythonpath.dsv
[0.620s] -- Up-to-date: /home/razanhmede/session6_assignment-razan/session6_assignment/install/customized_interfaces/local/lib/python3.10/dist-packages/customized_interfaces-0.0.0-py3.10.egg-info
[0.620s] -- Installing: /home/razanhmede/session6_assignment-razan/session6_assignment/install/customized_interfaces/local/lib/python3.10/dist-packages/customized_interfaces-0.0.0-py3.10.egg-info/PKG-INFO
[0.620s] -- Installing: /home/razanhmede/session6_assignment-razan/session6_assignment/install/customized_interfaces/local/lib/python3.10/dist-packages/customized_interfaces-0.0.0-py3.10.egg-info/SOURCES.txt
[0.620s] -- Installing: /home/razanhmede/session6_assignment-razan/session6_assignment/install/customized_interfaces/local/lib/python3.10/dist-packages/customized_interfaces-0.0.0-py3.10.egg-info/top_level.txt
[0.620s] -- Installing: /home/razanhmede/session6_assignment-razan/session6_assignment/install/customized_interfaces/local/lib/python3.10/dist-packages/customized_interfaces-0.0.0-py3.10.egg-info/dependency_links.txt
[0.621s] -- Up-to-date: /home/razanhmede/session6_assignment-razan/session6_assignment/install/customized_interfaces/local/lib/python3.10/dist-packages/customized_interfaces
[0.621s] -- Up-to-date: /home/razanhmede/session6_assignment-razan/session6_assignment/install/customized_interfaces/local/lib/python3.10/dist-packages/customized_interfaces/customized_interfaces_s__rosidl_typesupport_c.cpython-310-x86_64-linux-gnu.so
[0.621s] -- Up-to-date: /home/razanhmede/session6_assignment-razan/session6_assignment/install/customized_interfaces/local/lib/python3.10/dist-packages/customized_interfaces/_customized_interfaces_s.ep.rosidl_typesupport_introspection_c.c
[0.621s] -- Up-to-date: /home/razanhmede/session6_assignment-razan/session6_assignment/install/customized_interfaces/local/lib/python3.10/dist-packages/customized_interfaces/_customized_interfaces_s.ep.rosidl_typesupport_c.c
[0.621s] -- Up-to-date: /home/razanhmede/session6_assignment-razan/session6_assignment/install/customized_interfaces/local/lib/python3.10/dist-packages/customized_interfaces/customized_interfaces_s__rosidl_typesupport_introspection_c.cpython-310-x86_64-linux-gnu.so
[0.621s] -- Up-to-date: /home/razanhmede/session6_assignment-razan/session6_assignment/install/customized_interfaces/local/lib/python3.10/dist-packages/customized_interfaces/customized_interfaces_s__rosidl_typesupport_fastrtps_c.cpython-310-x86_64-linux-gnu.so
[0.622s] -- Up-to-date: /home/razanhmede/session6_assignment-razan/session6_assignment/install/customized_interfaces/local/lib/python3.10/dist-packages/customized_interfaces/__init__.py
[0.622s] -- Up-to-date: /home/razanhmede/session6_assignment-razan/session6_assignment/install/customized_interfaces/local/lib/python3.10/dist-packages/customized_interfaces/_customized_interfaces_s.ep.rosidl_typesupport_fastrtps_c.c
[0.622s] -- Up-to-date: /home/razanhmede/session6_assignment-razan/session6_assignment/install/customized_interfaces/local/lib/python3.10/dist-packages/customized_interfaces/libcustomized_interfaces__rosidl_generator_py.so
[0.622s] -- Up-to-date: /home/razanhmede/session6_assignment-razan/session6_assignment/install/customized_interfaces/local/lib/python3.10/dist-packages/customized_interfaces/srv
[0.622s] -- Up-to-date: /home/razanhmede/session6_assignment-razan/session6_assignment/install/customized_interfaces/local/lib/python3.10/dist-packages/customized_interfaces/srv/_check_stock.py
[0.622s] -- Up-to-date: /home/razanhmede/session6_assignment-razan/session6_assignment/install/customized_interfaces/local/lib/python3.10/dist-packages/customized_interfaces/srv/__init__.py
[0.622s] -- Up-to-date: /home/razanhmede/session6_assignment-razan/session6_assignment/install/customized_interfaces/local/lib/python3.10/dist-packages/customized_interfaces/srv/_check_stock_s.c
[0.657s] Listing '/home/razanhmede/session6_assignment-razan/session6_assignment/install/customized_interfaces/local/lib/python3.10/dist-packages/customized_interfaces'...
[0.657s] Listing '/home/razanhmede/session6_assignment-razan/session6_assignment/install/customized_interfaces/local/lib/python3.10/dist-packages/customized_interfaces/srv'...
[0.661s] -- Up-to-date: /home/razanhmede/session6_assignment-razan/session6_assignment/install/customized_interfaces/local/lib/python3.10/dist-packages/customized_interfaces/customized_interfaces_s__rosidl_typesupport_fastrtps_c.cpython-310-x86_64-linux-gnu.so
[0.661s] -- Up-to-date: /home/razanhmede/session6_assignment-razan/session6_assignment/install/customized_interfaces/local/lib/python3.10/dist-packages/customized_interfaces/customized_interfaces_s__rosidl_typesupport_introspection_c.cpython-310-x86_64-linux-gnu.so
[0.662s] -- Up-to-date: /home/razanhmede/session6_assignment-razan/session6_assignment/install/customized_interfaces/local/lib/python3.10/dist-packages/customized_interfaces/customized_interfaces_s__rosidl_typesupport_c.cpython-310-x86_64-linux-gnu.so
[0.662s] -- Up-to-date: /home/razanhmede/session6_assignment-razan/session6_assignment/install/customized_interfaces/lib/libcustomized_interfaces__rosidl_generator_py.so
[0.662s] -- Up-to-date: /home/razanhmede/session6_assignment-razan/session6_assignment/install/customized_interfaces/share/customized_interfaces/srv/CheckStock.idl
[0.662s] -- Up-to-date: /home/razanhmede/session6_assignment-razan/session6_assignment/install/customized_interfaces/share/customized_interfaces/srv/CheckStock.srv
[0.662s] -- Up-to-date: /home/razanhmede/session6_assignment-razan/session6_assignment/install/customized_interfaces/share/customized_interfaces/srv/CheckStock_Request.msg
[0.662s] -- Up-to-date: /home/razanhmede/session6_assignment-razan/session6_assignment/install/customized_interfaces/share/customized_interfaces/srv/CheckStock_Response.msg
[0.662s] -- Up-to-date: /home/razanhmede/session6_assignment-razan/session6_assignment/install/customized_interfaces/share/ament_index/resource_index/package_run_dependencies/customized_interfaces
[0.663s] -- Up-to-date: /home/razanhmede/session6_assignment-razan/session6_assignment/install/customized_interfaces/share/ament_index/resource_index/parent_prefix_path/customized_interfaces
[0.663s] -- Up-to-date: /home/razanhmede/session6_assignment-razan/session6_assignment/install/customized_interfaces/share/customized_interfaces/environment/ament_prefix_path.sh
[0.663s] -- Up-to-date: /home/razanhmede/session6_assignment-razan/session6_assignment/install/customized_interfaces/share/customized_interfaces/environment/ament_prefix_path.dsv
[0.663s] -- Up-to-date: /home/razanhmede/session6_assignment-razan/session6_assignment/install/customized_interfaces/share/customized_interfaces/environment/path.sh
[0.663s] -- Up-to-date: /home/razanhmede/session6_assignment-razan/session6_assignment/install/customized_interfaces/share/customized_interfaces/environment/path.dsv
[0.663s] -- Up-to-date: /home/razanhmede/session6_assignment-razan/session6_assignment/install/customized_interfaces/share/customized_interfaces/local_setup.bash
[0.664s] -- Up-to-date: /home/razanhmede/session6_assignment-razan/session6_assignment/install/customized_interfaces/share/customized_interfaces/local_setup.sh
[0.664s] -- Up-to-date: /home/razanhmede/session6_assignment-razan/session6_assignment/install/customized_interfaces/share/customized_interfaces/local_setup.zsh
[0.664s] -- Up-to-date: /home/razanhmede/session6_assignment-razan/session6_assignment/install/customized_interfaces/share/customized_interfaces/local_setup.dsv
[0.664s] -- Installing: /home/razanhmede/session6_assignment-razan/session6_assignment/install/customized_interfaces/share/customized_interfaces/package.dsv
[0.664s] -- Up-to-date: /home/razanhmede/session6_assignment-razan/session6_assignment/install/customized_interfaces/share/ament_index/resource_index/packages/customized_interfaces
[0.664s] -- Up-to-date: /home/razanhmede/session6_assignment-razan/session6_assignment/install/customized_interfaces/share/customized_interfaces/cmake/export_customized_interfaces__rosidl_generator_cExport.cmake
[0.664s] -- Up-to-date: /home/razanhmede/session6_assignment-razan/session6_assignment/install/customized_interfaces/share/customized_interfaces/cmake/export_customized_interfaces__rosidl_generator_cExport-noconfig.cmake
[0.664s] -- Up-to-date: /home/razanhmede/session6_assignment-razan/session6_assignment/install/customized_interfaces/share/customized_interfaces/cmake/export_customized_interfaces__rosidl_typesupport_fastrtps_cExport.cmake
[0.664s] -- Up-to-date: /home/razanhmede/session6_assignment-razan/session6_assignment/install/customized_interfaces/share/customized_interfaces/cmake/export_customized_interfaces__rosidl_typesupport_fastrtps_cExport-noconfig.cmake
[0.664s] -- Up-to-date: /home/razanhmede/session6_assignment-razan/session6_assignment/install/customized_interfaces/share/customized_interfaces/cmake/customized_interfaces__rosidl_typesupport_introspection_cExport.cmake
[0.664s] -- Up-to-date: /home/razanhmede/session6_assignment-razan/session6_assignment/install/customized_interfaces/share/customized_interfaces/cmake/customized_interfaces__rosidl_typesupport_introspection_cExport-noconfig.cmake
[0.664s] -- Up-to-date: /home/razanhmede/session6_assignment-razan/session6_assignment/install/customized_interfaces/share/customized_interfaces/cmake/customized_interfaces__rosidl_typesupport_cExport.cmake
[0.665s] -- Up-to-date: /home/razanhmede/session6_assignment-razan/session6_assignment/install/customized_interfaces/share/customized_interfaces/cmake/customized_interfaces__rosidl_typesupport_cExport-noconfig.cmake
[0.665s] -- Up-to-date: /home/razanhmede/session6_assignment-razan/session6_assignment/install/customized_interfaces/share/customized_interfaces/cmake/export_customized_interfaces__rosidl_generator_cppExport.cmake
[0.665s] -- Up-to-date: /home/razanhmede/session6_assignment-razan/session6_assignment/install/customized_interfaces/share/customized_interfaces/cmake/export_customized_interfaces__rosidl_typesupport_fastrtps_cppExport.cmake
[0.665s] -- Up-to-date: /home/razanhmede/session6_assignment-razan/session6_assignment/install/customized_interfaces/share/customized_interfaces/cmake/export_customized_interfaces__rosidl_typesupport_fastrtps_cppExport-noconfig.cmake
[0.665s] -- Up-to-date: /home/razanhmede/session6_assignment-razan/session6_assignment/install/customized_interfaces/share/customized_interfaces/cmake/customized_interfaces__rosidl_typesupport_introspection_cppExport.cmake
[0.665s] -- Up-to-date: /home/razanhmede/session6_assignment-razan/session6_assignment/install/customized_interfaces/share/customized_interfaces/cmake/customized_interfaces__rosidl_typesupport_introspection_cppExport-noconfig.cmake
[0.665s] -- Up-to-date: /home/razanhmede/session6_assignment-razan/session6_assignment/install/customized_interfaces/share/customized_interfaces/cmake/customized_interfaces__rosidl_typesupport_cppExport.cmake
[0.665s] -- Up-to-date: /home/razanhmede/session6_assignment-razan/session6_assignment/install/customized_interfaces/share/customized_interfaces/cmake/customized_interfaces__rosidl_typesupport_cppExport-noconfig.cmake
[0.665s] -- Up-to-date: /home/razanhmede/session6_assignment-razan/session6_assignment/install/customized_interfaces/share/customized_interfaces/cmake/export_customized_interfaces__rosidl_generator_pyExport.cmake
[0.665s] -- Up-to-date: /home/razanhmede/session6_assignment-razan/session6_assignment/install/customized_interfaces/share/customized_interfaces/cmake/export_customized_interfaces__rosidl_generator_pyExport-noconfig.cmake
[0.665s] -- Up-to-date: /home/razanhmede/session6_assignment-razan/session6_assignment/install/customized_interfaces/share/customized_interfaces/cmake/rosidl_cmake-extras.cmake
[0.665s] -- Up-to-date: /home/razanhmede/session6_assignment-razan/session6_assignment/install/customized_interfaces/share/customized_interfaces/cmake/ament_cmake_export_include_directories-extras.cmake
[0.665s] -- Up-to-date: /home/razanhmede/session6_assignment-razan/session6_assignment/install/customized_interfaces/share/customized_interfaces/cmake/ament_cmake_export_libraries-extras.cmake
[0.665s] -- Up-to-date: /home/razanhmede/session6_assignment-razan/session6_assignment/install/customized_interfaces/share/customized_interfaces/cmake/ament_cmake_export_targets-extras.cmake
[0.667s] -- Up-to-date: /home/razanhmede/session6_assignment-razan/session6_assignment/install/customized_interfaces/share/customized_interfaces/cmake/rosidl_cmake_export_typesupport_targets-extras.cmake
[0.667s] -- Up-to-date: /home/razanhmede/session6_assignment-razan/session6_assignment/install/customized_interfaces/share/customized_interfaces/cmake/ament_cmake_export_dependencies-extras.cmake
[0.668s] -- Up-to-date: /home/razanhmede/session6_assignment-razan/session6_assignment/install/customized_interfaces/share/customized_interfaces/cmake/rosidl_cmake_export_typesupport_libraries-extras.cmake
[0.669s] -- Up-to-date: /home/razanhmede/session6_assignment-razan/session6_assignment/install/customized_interfaces/share/customized_interfaces/cmake/customized_interfacesConfig.cmake
[0.669s] -- Up-to-date: /home/razanhmede/session6_assignment-razan/session6_assignment/install/customized_interfaces/share/customized_interfaces/cmake/customized_interfacesConfig-version.cmake
[0.669s] -- Up-to-date: /home/razanhmede/session6_assignment-razan/session6_assignment/install/customized_interfaces/share/customized_interfaces/package.xml
[0.669s] Invoked command in '/home/razanhmede/session6_assignment-razan/session6_assignment/build/customized_interfaces' returned '0': CMAKE_PREFIX_PATH=${CMAKE_PREFIX_PATH}:/home/razanhmede/session6_assignment-razan/session6_assignment/install/warehouse_robot:/opt/ros/humble /usr/bin/cmake --install /home/razanhmede/session6_assignment-razan/session6_assignment/build/customized_interfaces
