[0.011s] Invoking command in '/home/razanhmede/session6_assignment-razan/session6_assignment/build/customized_interfaces': CMAKE_PREFIX_PATH=${CMAKE_PREFIX_PATH}:/home/razanhmede/session6_assignment-razan/session6_assignment/install/warehouse_robot:/opt/ros/humble /usr/bin/cmake --build /home/razanhmede/session6_assignment-razan/session6_assignment/build/customized_interfaces -- -j4 -l4
[0.289s] [  2%] Built target customized_interfaces__cpp
[0.306s] [  2%] Built target ament_cmake_python_copy_customized_interfaces
[0.396s] [ 12%] Built target customized_interfaces__rosidl_generator_c
[0.413s] [ 23%] Built target customized_interfaces__rosidl_typesupport_cpp
[0.413s] [ 33%] Built target customized_interfaces__rosidl_typesupport_introspection_cpp
[0.416s] [ 43%] Built target customized_interfaces__rosidl_typesupport_fastrtps_cpp
[0.455s] [ 64%] Built target customized_interfaces__rosidl_typesupport_introspection_c
[0.456s] [ 66%] Built target customized_interfaces__rosidl_typesupport_c
[0.459s] [ 74%] Built target customized_interfaces__rosidl_typesupport_fastrtps_c
[0.483s] [ 74%] Built target customized_interfaces
[0.505s] [ 76%] Built target customized_interfaces__py
[0.540s] [ 84%] Built target customized_interfaces__rosidl_generator_py
[0.565s] [ 94%] Built target customized_interfaces__rosidl_typesupport_c__pyext
[0.566s] [ 94%] Built target customized_interfaces__rosidl_typesupport_fastrtps_c__pyext
[0.572s] [100%] Built target customized_interfaces__rosidl_typesupport_introspection_c__pyext
[0.707s] running egg_info
[0.709s] writing customized_interfaces.egg-info/PKG-INFO
[0.710s] writing dependency_links to customized_interfaces.egg-info/dependency_links.txt
[0.710s] writing top-level names to customized_interfaces.egg-info/top_level.txt
[0.713s] reading manifest file 'customized_interfaces.egg-info/SOURCES.txt'
[0.714s] writing manifest file 'customized_interfaces.egg-info/SOURCES.txt'
[0.761s] [100%] Built target ament_cmake_python_build_customized_interfaces_egg
[0.784s] Invoked command in '/home/razanhmede/session6_assignment-razan/session6_assignment/build/customized_interfaces' returned '0': CMAKE_PREFIX_PATH=${CMAKE_PREFIX_PATH}:/home/razanhmede/session6_assignment-razan/session6_assignment/install/warehouse_robot:/opt/ros/humble /usr/bin/cmake --build /home/razanhmede/session6_assignment-razan/session6_assignment/build/customized_interfaces -- -j4 -l4
[0.882s] Invoking command in '/home/razanhmede/session6_assignment-razan/session6_assignment/build/customized_interfaces': CMAKE_PREFIX_PATH=${CMAKE_PREFIX_PATH}:/home/razanhmede/session6_assignment-razan/session6_assignment/install/warehouse_robot:/opt/ros/humble /usr/bin/cmake --install /home/razanhmede/session6_assignment-razan/session6_assignment/build/customized_interfaces
[0.890s] -- Install configuration: ""
[0.890s] -- Up-to-date: /home/razanhmede/session6_assignment-razan/session6_assignment/install/customized_interfaces/share/ament_index/resource_index/rosidl_interfaces/customized_interfaces
[0.890s] -- Up-to-date: /home/razanhmede/session6_assignment-razan/session6_assignment/install/customized_interfaces/include/customized_interfaces/customized_interfaces
[0.891s] -- Up-to-date: /home/razanhmede/session6_assignment-razan/session6_assignment/install/customized_interfaces/include/customized_interfaces/customized_interfaces/action
[0.891s] -- Up-to-date: /home/razanhmede/session6_assignment-razan/session6_assignment/install/customized_interfaces/include/customized_interfaces/customized_interfaces/action/delivery_item.h
[0.891s] -- Up-to-date: /home/razanhmede/session6_assignment-razan/session6_assignment/install/customized_interfaces/include/customized_interfaces/customized_interfaces/action/detail
[0.891s] -- Up-to-date: /home/razanhmede/session6_assignment-razan/session6_assignment/install/customized_interfaces/include/customized_interfaces/customized_interfaces/action/detail/delivery_item__type_support.h
[0.891s] -- Up-to-date: /home/razanhmede/session6_assignment-razan/session6_assignment/install/customized_interfaces/include/customized_interfaces/customized_interfaces/action/detail/delivery_item__functions.h
[0.892s] -- Up-to-date: /home/razanhmede/session6_assignment-razan/session6_assignment/install/customized_interfaces/include/customized_interfaces/customized_interfaces/action/detail/delivery_item__functions.c
[0.892s] -- Up-to-date: /home/razanhmede/session6_assignment-razan/session6_assignment/install/customized_interfaces/include/customized_interfaces/customized_interfaces/action/detail/delivery_item__struct.h
[0.892s] -- Up-to-date: /home/razanhmede/session6_assignment-razan/session6_assignment/install/customized_interfaces/include/customized_interfaces/customized_interfaces/msg
[0.892s] -- Up-to-date: /home/razanhmede/session6_assignment-razan/session6_assignment/install/customized_interfaces/include/customized_interfaces/customized_interfaces/msg/rosidl_generator_c__visibility_control.h
[0.892s] -- Up-to-date: /home/razanhmede/session6_assignment-razan/session6_assignment/install/customized_interfaces/include/customized_interfaces/customized_interfaces/srv
[0.892s] -- Up-to-date: /home/razanhmede/session6_assignment-razan/session6_assignment/install/customized_interfaces/include/customized_interfaces/customized_interfaces/srv/check_stock.h
[0.892s] -- Up-to-date: /home/razanhmede/session6_assignment-razan/session6_assignment/install/customized_interfaces/include/customized_interfaces/customized_interfaces/srv/detail
[0.892s] -- Up-to-date: /home/razanhmede/session6_assignment-razan/session6_assignment/install/customized_interfaces/include/customized_interfaces/customized_interfaces/srv/detail/check_stock__functions.h
[0.892s] -- Up-to-date: /home/razanhmede/session6_assignment-razan/session6_assignment/install/customized_interfaces/include/customized_interfaces/customized_interfaces/srv/detail/check_stock__struct.h
[0.892s] -- Up-to-date: /home/razanhmede/session6_assignment-razan/session6_assignment/install/customized_interfaces/include/customized_interfaces/customized_interfaces/srv/detail/check_stock__functions.c
[0.892s] -- Up-to-date: /home/razanhmede/session6_assignment-razan/session6_assignment/install/customized_interfaces/include/customized_interfaces/customized_interfaces/srv/detail/check_stock__type_support.h
[0.893s] -- Up-to-date: /home/razanhmede/session6_assignment-razan/session6_assignment/install/customized_interfaces/share/customized_interfaces/environment/library_path.sh
[0.893s] -- Up-to-date: /home/razanhmede/session6_assignment-razan/session6_assignment/install/customized_interfaces/share/customized_interfaces/environment/library_path.dsv
[0.893s] -- Up-to-date: /home/razanhmede/session6_assignment-razan/session6_assignment/install/customized_interfaces/lib/libcustomized_interfaces__rosidl_generator_c.so
[0.893s] -- Up-to-date: /home/razanhmede/session6_assignment-razan/session6_assignment/install/customized_interfaces/include/customized_interfaces/customized_interfaces
[0.893s] -- Up-to-date: /home/razanhmede/session6_assignment-razan/session6_assignment/install/customized_interfaces/include/customized_interfaces/customized_interfaces/action
[0.893s] -- Up-to-date: /home/razanhmede/session6_assignment-razan/session6_assignment/install/customized_interfaces/include/customized_interfaces/customized_interfaces/action/detail
[0.893s] -- Up-to-date: /home/razanhmede/session6_assignment-razan/session6_assignment/install/customized_interfaces/include/customized_interfaces/customized_interfaces/action/detail/delivery_item__rosidl_typesupport_fastrtps_c.h
[0.893s] -- Up-to-date: /home/razanhmede/session6_assignment-razan/session6_assignment/install/customized_interfaces/include/customized_interfaces/customized_interfaces/msg
[0.893s] -- Up-to-date: /home/razanhmede/session6_assignment-razan/session6_assignment/install/customized_interfaces/include/customized_interfaces/customized_interfaces/msg/rosidl_typesupport_fastrtps_c__visibility_control.h
[0.893s] -- Up-to-date: /home/razanhmede/session6_assignment-razan/session6_assignment/install/customized_interfaces/include/customized_interfaces/customized_interfaces/srv
[0.894s] -- Up-to-date: /home/razanhmede/session6_assignment-razan/session6_assignment/install/customized_interfaces/include/customized_interfaces/customized_interfaces/srv/detail
[0.894s] -- Up-to-date: /home/razanhmede/session6_assignment-razan/session6_assignment/install/customized_interfaces/include/customized_interfaces/customized_interfaces/srv/detail/check_stock__rosidl_typesupport_fastrtps_c.h
[0.894s] -- Up-to-date: /home/razanhmede/session6_assignment-razan/session6_assignment/install/customized_interfaces/lib/libcustomized_interfaces__rosidl_typesupport_fastrtps_c.so
[0.895s] -- Up-to-date: /home/razanhmede/session6_assignment-razan/session6_assignment/install/customized_interfaces/include/customized_interfaces/customized_interfaces
[0.895s] -- Up-to-date: /home/razanhmede/session6_assignment-razan/session6_assignment/install/customized_interfaces/include/customized_interfaces/customized_interfaces/action
[0.895s] -- Up-to-date: /home/razanhmede/session6_assignment-razan/session6_assignment/install/customized_interfaces/include/customized_interfaces/customized_interfaces/action/detail
[0.895s] -- Up-to-date: /home/razanhmede/session6_assignment-razan/session6_assignment/install/customized_interfaces/include/customized_interfaces/customized_interfaces/action/detail/delivery_item__rosidl_typesupport_introspection_c.h
[0.895s] -- Up-to-date: /home/razanhmede/session6_assignment-razan/session6_assignment/install/customized_interfaces/include/customized_interfaces/customized_interfaces/action/detail/delivery_item__type_support.c
[0.896s] -- Up-to-date: /home/razanhmede/session6_assignment-razan/session6_assignment/install/customized_interfaces/include/customized_interfaces/customized_interfaces/msg
[0.896s] -- Up-to-date: /home/razanhmede/session6_assignment-razan/session6_assignment/install/customized_interfaces/include/customized_interfaces/customized_interfaces/msg/rosidl_typesupport_introspection_c__visibility_control.h
[0.896s] -- Up-to-date: /home/razanhmede/session6_assignment-razan/session6_assignment/install/customized_interfaces/include/customized_interfaces/customized_interfaces/srv
[0.896s] -- Up-to-date: /home/razanhmede/session6_assignment-razan/session6_assignment/install/customized_interfaces/include/customized_interfaces/customized_interfaces/srv/detail
[0.896s] -- Up-to-date: /home/razanhmede/session6_assignment-razan/session6_assignment/install/customized_interfaces/include/customized_interfaces/customized_interfaces/srv/detail/check_stock__rosidl_typesupport_introspection_c.h
[0.896s] -- Up-to-date: /home/razanhmede/session6_assignment-razan/session6_assignment/install/customized_interfaces/include/customized_interfaces/customized_interfaces/srv/detail/check_stock__type_support.c
[0.897s] -- Up-to-date: /home/razanhmede/session6_assignment-razan/session6_assignment/install/customized_interfaces/lib/libcustomized_interfaces__rosidl_typesupport_introspection_c.so
[0.898s] -- Up-to-date: /home/razanhmede/session6_assignment-razan/session6_assignment/install/customized_interfaces/lib/libcustomized_interfaces__rosidl_typesupport_c.so
[0.898s] -- Up-to-date: /home/razanhmede/session6_assignment-razan/session6_assignment/install/customized_interfaces/include/customized_interfaces/customized_interfaces
[0.898s] -- Up-to-date: /home/razanhmede/session6_assignment-razan/session6_assignment/install/customized_interfaces/include/customized_interfaces/customized_interfaces/action
[0.898s] -- Up-to-date: /home/razanhmede/session6_assignment-razan/session6_assignment/install/customized_interfaces/include/customized_interfaces/customized_interfaces/action/delivery_item.hpp
[0.898s] -- Up-to-date: /home/razanhmede/session6_assignment-razan/session6_assignment/install/customized_interfaces/include/customized_interfaces/customized_interfaces/action/detail
[0.898s] -- Up-to-date: /home/razanhmede/session6_assignment-razan/session6_assignment/install/customized_interfaces/include/customized_interfaces/customized_interfaces/action/detail/delivery_item__struct.hpp
[0.898s] -- Up-to-date: /home/razanhmede/session6_assignment-razan/session6_assignment/install/customized_interfaces/include/customized_interfaces/customized_interfaces/action/detail/delivery_item__traits.hpp
[0.898s] -- Up-to-date: /home/razanhmede/session6_assignment-razan/session6_assignment/install/customized_interfaces/include/customized_interfaces/customized_interfaces/action/detail/delivery_item__builder.hpp
[0.898s] -- Up-to-date: /home/razanhmede/session6_assignment-razan/session6_assignment/install/customized_interfaces/include/customized_interfaces/customized_interfaces/srv
[0.899s] -- Up-to-date: /home/razanhmede/session6_assignment-razan/session6_assignment/install/customized_interfaces/include/customized_interfaces/customized_interfaces/srv/detail
[0.899s] -- Up-to-date: /home/razanhmede/session6_assignment-razan/session6_assignment/install/customized_interfaces/include/customized_interfaces/customized_interfaces/srv/detail/check_stock__traits.hpp
[0.899s] -- Up-to-date: /home/razanhmede/session6_assignment-razan/session6_assignment/install/customized_interfaces/include/customized_interfaces/customized_interfaces/srv/detail/check_stock__struct.hpp
[0.899s] -- Up-to-date: /home/razanhmede/session6_assignment-razan/session6_assignment/install/customized_interfaces/include/customized_interfaces/customized_interfaces/srv/detail/check_stock__builder.hpp
[0.899s] -- Up-to-date: /home/razanhmede/session6_assignment-razan/session6_assignment/install/customized_interfaces/include/customized_interfaces/customized_interfaces/srv/check_stock.hpp
[0.899s] -- Up-to-date: /home/razanhmede/session6_assignment-razan/session6_assignment/install/customized_interfaces/include/customized_interfaces/customized_interfaces
[0.899s] -- Up-to-date: /home/razanhmede/session6_assignment-razan/session6_assignment/install/customized_interfaces/include/customized_interfaces/customized_interfaces/action
[0.899s] -- Up-to-date: /home/razanhmede/session6_assignment-razan/session6_assignment/install/customized_interfaces/include/customized_interfaces/customized_interfaces/action/detail
[0.899s] -- Up-to-date: /home/razanhmede/session6_assignment-razan/session6_assignment/install/customized_interfaces/include/customized_interfaces/customized_interfaces/action/detail/dds_fastrtps
[0.899s] -- Up-to-date: /home/razanhmede/session6_assignment-razan/session6_assignment/install/customized_interfaces/include/customized_interfaces/customized_interfaces/action/detail/delivery_item__rosidl_typesupport_fastrtps_cpp.hpp
[0.899s] -- Up-to-date: /home/razanhmede/session6_assignment-razan/session6_assignment/install/customized_interfaces/include/customized_interfaces/customized_interfaces/msg
[0.899s] -- Up-to-date: /home/razanhmede/session6_assignment-razan/session6_assignment/install/customized_interfaces/include/customized_interfaces/customized_interfaces/msg/rosidl_typesupport_fastrtps_cpp__visibility_control.h
[0.900s] -- Up-to-date: /home/razanhmede/session6_assignment-razan/session6_assignment/install/customized_interfaces/include/customized_interfaces/customized_interfaces/srv
[0.900s] -- Up-to-date: /home/razanhmede/session6_assignment-razan/session6_assignment/install/customized_interfaces/include/customized_interfaces/customized_interfaces/srv/detail
[0.900s] -- Up-to-date: /home/razanhmede/session6_assignment-razan/session6_assignment/install/customized_interfaces/include/customized_interfaces/customized_interfaces/srv/detail/dds_fastrtps
[0.900s] -- Up-to-date: /home/razanhmede/session6_assignment-razan/session6_assignment/install/customized_interfaces/include/customized_interfaces/customized_interfaces/srv/detail/check_stock__rosidl_typesupport_fastrtps_cpp.hpp
[0.900s] -- Up-to-date: /home/razanhmede/session6_assignment-razan/session6_assignment/install/customized_interfaces/lib/libcustomized_interfaces__rosidl_typesupport_fastrtps_cpp.so
[0.900s] -- Up-to-date: /home/razanhmede/session6_assignment-razan/session6_assignment/install/customized_interfaces/include/customized_interfaces/customized_interfaces
[0.900s] -- Up-to-date: /home/razanhmede/session6_assignment-razan/session6_assignment/install/customized_interfaces/include/customized_interfaces/customized_interfaces/action
[0.900s] -- Up-to-date: /home/razanhmede/session6_assignment-razan/session6_assignment/install/customized_interfaces/include/customized_interfaces/customized_interfaces/action/detail
[0.900s] -- Up-to-date: /home/razanhmede/session6_assignment-razan/session6_assignment/install/customized_interfaces/include/customized_interfaces/customized_interfaces/action/detail/delivery_item__rosidl_typesupport_introspection_cpp.hpp
[0.900s] -- Up-to-date: /home/razanhmede/session6_assignment-razan/session6_assignment/install/customized_interfaces/include/customized_interfaces/customized_interfaces/action/detail/delivery_item__type_support.cpp
[0.900s] -- Up-to-date: /home/razanhmede/session6_assignment-razan/session6_assignment/install/customized_interfaces/include/customized_interfaces/customized_interfaces/srv
[0.900s] -- Up-to-date: /home/razanhmede/session6_assignment-razan/session6_assignment/install/customized_interfaces/include/customized_interfaces/customized_interfaces/srv/detail
[0.900s] -- Up-to-date: /home/razanhmede/session6_assignment-razan/session6_assignment/install/customized_interfaces/include/customized_interfaces/customized_interfaces/srv/detail/check_stock__type_support.cpp
[0.901s] -- Up-to-date: /home/razanhmede/session6_assignment-razan/session6_assignment/install/customized_interfaces/include/customized_interfaces/customized_interfaces/srv/detail/check_stock__rosidl_typesupport_introspection_cpp.hpp
[0.901s] -- Up-to-date: /home/razanhmede/session6_assignment-razan/session6_assignment/install/customized_interfaces/lib/libcustomized_interfaces__rosidl_typesupport_introspection_cpp.so
[0.901s] -- Up-to-date: /home/razanhmede/session6_assignment-razan/session6_assignment/install/customized_interfaces/lib/libcustomized_interfaces__rosidl_typesupport_cpp.so
[0.901s] -- Up-to-date: /home/razanhmede/session6_assignment-razan/session6_assignment/install/customized_interfaces/share/customized_interfaces/environment/pythonpath.sh
[0.901s] -- Up-to-date: /home/razanhmede/session6_assignment-razan/session6_assignment/install/customized_interfaces/share/customized_interfaces/environment/pythonpath.dsv
[0.901s] -- Up-to-date: /home/razanhmede/session6_assignment-razan/session6_assignment/install/customized_interfaces/local/lib/python3.10/dist-packages/customized_interfaces-0.0.0-py3.10.egg-info
[0.901s] -- Installing: /home/razanhmede/session6_assignment-razan/session6_assignment/install/customized_interfaces/local/lib/python3.10/dist-packages/customized_interfaces-0.0.0-py3.10.egg-info/PKG-INFO
[0.901s] -- Installing: /home/razanhmede/session6_assignment-razan/session6_assignment/install/customized_interfaces/local/lib/python3.10/dist-packages/customized_interfaces-0.0.0-py3.10.egg-info/SOURCES.txt
[0.902s] -- Installing: /home/razanhmede/session6_assignment-razan/session6_assignment/install/customized_interfaces/local/lib/python3.10/dist-packages/customized_interfaces-0.0.0-py3.10.egg-info/top_level.txt
[0.902s] -- Installing: /home/razanhmede/session6_assignment-razan/session6_assignment/install/customized_interfaces/local/lib/python3.10/dist-packages/customized_interfaces-0.0.0-py3.10.egg-info/dependency_links.txt
[0.902s] -- Up-to-date: /home/razanhmede/session6_assignment-razan/session6_assignment/install/customized_interfaces/local/lib/python3.10/dist-packages/customized_interfaces
[0.902s] -- Up-to-date: /home/razanhmede/session6_assignment-razan/session6_assignment/install/customized_interfaces/local/lib/python3.10/dist-packages/customized_interfaces/action
[0.902s] -- Up-to-date: /home/razanhmede/session6_assignment-razan/session6_assignment/install/customized_interfaces/local/lib/python3.10/dist-packages/customized_interfaces/action/_delivery_item.py
[0.902s] -- Up-to-date: /home/razanhmede/session6_assignment-razan/session6_assignment/install/customized_interfaces/local/lib/python3.10/dist-packages/customized_interfaces/action/_delivery_item_s.c
[0.902s] -- Up-to-date: /home/razanhmede/session6_assignment-razan/session6_assignment/install/customized_interfaces/local/lib/python3.10/dist-packages/customized_interfaces/action/__init__.py
[0.902s] -- Up-to-date: /home/razanhmede/session6_assignment-razan/session6_assignment/install/customized_interfaces/local/lib/python3.10/dist-packages/customized_interfaces/customized_interfaces_s__rosidl_typesupport_c.cpython-310-x86_64-linux-gnu.so
[0.902s] -- Up-to-date: /home/razanhmede/session6_assignment-razan/session6_assignment/install/customized_interfaces/local/lib/python3.10/dist-packages/customized_interfaces/_customized_interfaces_s.ep.rosidl_typesupport_introspection_c.c
[0.902s] -- Up-to-date: /home/razanhmede/session6_assignment-razan/session6_assignment/install/customized_interfaces/local/lib/python3.10/dist-packages/customized_interfaces/_customized_interfaces_s.ep.rosidl_typesupport_c.c
[0.902s] -- Up-to-date: /home/razanhmede/session6_assignment-razan/session6_assignment/install/customized_interfaces/local/lib/python3.10/dist-packages/customized_interfaces/customized_interfaces_s__rosidl_typesupport_introspection_c.cpython-310-x86_64-linux-gnu.so
[0.903s] -- Up-to-date: /home/razanhmede/session6_assignment-razan/session6_assignment/install/customized_interfaces/local/lib/python3.10/dist-packages/customized_interfaces/customized_interfaces_s__rosidl_typesupport_fastrtps_c.cpython-310-x86_64-linux-gnu.so
[0.903s] -- Up-to-date: /home/razanhmede/session6_assignment-razan/session6_assignment/install/customized_interfaces/local/lib/python3.10/dist-packages/customized_interfaces/__init__.py
[0.903s] -- Up-to-date: /home/razanhmede/session6_assignment-razan/session6_assignment/install/customized_interfaces/local/lib/python3.10/dist-packages/customized_interfaces/_customized_interfaces_s.ep.rosidl_typesupport_fastrtps_c.c
[0.903s] -- Up-to-date: /home/razanhmede/session6_assignment-razan/session6_assignment/install/customized_interfaces/local/lib/python3.10/dist-packages/customized_interfaces/libcustomized_interfaces__rosidl_generator_py.so
[0.903s] -- Up-to-date: /home/razanhmede/session6_assignment-razan/session6_assignment/install/customized_interfaces/local/lib/python3.10/dist-packages/customized_interfaces/srv
[0.903s] -- Up-to-date: /home/razanhmede/session6_assignment-razan/session6_assignment/install/customized_interfaces/local/lib/python3.10/dist-packages/customized_interfaces/srv/_check_stock.py
[0.903s] -- Up-to-date: /home/razanhmede/session6_assignment-razan/session6_assignment/install/customized_interfaces/local/lib/python3.10/dist-packages/customized_interfaces/srv/__init__.py
[0.903s] -- Up-to-date: /home/razanhmede/session6_assignment-razan/session6_assignment/install/customized_interfaces/local/lib/python3.10/dist-packages/customized_interfaces/srv/_check_stock_s.c
[0.944s] Listing '/home/razanhmede/session6_assignment-razan/session6_assignment/install/customized_interfaces/local/lib/python3.10/dist-packages/customized_interfaces'...
[0.944s] Listing '/home/razanhmede/session6_assignment-razan/session6_assignment/install/customized_interfaces/local/lib/python3.10/dist-packages/customized_interfaces/action'...
[0.944s] Listing '/home/razanhmede/session6_assignment-razan/session6_assignment/install/customized_interfaces/local/lib/python3.10/dist-packages/customized_interfaces/srv'...
[0.949s] -- Up-to-date: /home/razanhmede/session6_assignment-razan/session6_assignment/install/customized_interfaces/local/lib/python3.10/dist-packages/customized_interfaces/customized_interfaces_s__rosidl_typesupport_fastrtps_c.cpython-310-x86_64-linux-gnu.so
[0.949s] -- Up-to-date: /home/razanhmede/session6_assignment-razan/session6_assignment/install/customized_interfaces/local/lib/python3.10/dist-packages/customized_interfaces/customized_interfaces_s__rosidl_typesupport_introspection_c.cpython-310-x86_64-linux-gnu.so
[0.949s] -- Up-to-date: /home/razanhmede/session6_assignment-razan/session6_assignment/install/customized_interfaces/local/lib/python3.10/dist-packages/customized_interfaces/customized_interfaces_s__rosidl_typesupport_c.cpython-310-x86_64-linux-gnu.so
[0.950s] -- Up-to-date: /home/razanhmede/session6_assignment-razan/session6_assignment/install/customized_interfaces/lib/libcustomized_interfaces__rosidl_generator_py.so
[0.950s] -- Up-to-date: /home/razanhmede/session6_assignment-razan/session6_assignment/install/customized_interfaces/share/customized_interfaces/srv/CheckStock.idl
[0.950s] -- Up-to-date: /home/razanhmede/session6_assignment-razan/session6_assignment/install/customized_interfaces/share/customized_interfaces/action/DeliveryItem.idl
[0.951s] -- Up-to-date: /home/razanhmede/session6_assignment-razan/session6_assignment/install/customized_interfaces/share/customized_interfaces/srv/CheckStock.srv
[0.951s] -- Up-to-date: /home/razanhmede/session6_assignment-razan/session6_assignment/install/customized_interfaces/share/customized_interfaces/srv/CheckStock_Request.msg
[0.952s] -- Up-to-date: /home/razanhmede/session6_assignment-razan/session6_assignment/install/customized_interfaces/share/customized_interfaces/srv/CheckStock_Response.msg
[0.952s] -- Up-to-date: /home/razanhmede/session6_assignment-razan/session6_assignment/install/customized_interfaces/share/customized_interfaces/action/DeliveryItem.action
[0.953s] -- Up-to-date: /home/razanhmede/session6_assignment-razan/session6_assignment/install/customized_interfaces/share/ament_index/resource_index/package_run_dependencies/customized_interfaces
[0.953s] -- Up-to-date: /home/razanhmede/session6_assignment-razan/session6_assignment/install/customized_interfaces/share/ament_index/resource_index/parent_prefix_path/customized_interfaces
[0.953s] -- Up-to-date: /home/razanhmede/session6_assignment-razan/session6_assignment/install/customized_interfaces/share/customized_interfaces/environment/ament_prefix_path.sh
[0.954s] -- Up-to-date: /home/razanhmede/session6_assignment-razan/session6_assignment/install/customized_interfaces/share/customized_interfaces/environment/ament_prefix_path.dsv
[0.954s] -- Up-to-date: /home/razanhmede/session6_assignment-razan/session6_assignment/install/customized_interfaces/share/customized_interfaces/environment/path.sh
[0.954s] -- Up-to-date: /home/razanhmede/session6_assignment-razan/session6_assignment/install/customized_interfaces/share/customized_interfaces/environment/path.dsv
[0.954s] -- Up-to-date: /home/razanhmede/session6_assignment-razan/session6_assignment/install/customized_interfaces/share/customized_interfaces/local_setup.bash
[0.954s] -- Up-to-date: /home/razanhmede/session6_assignment-razan/session6_assignment/install/customized_interfaces/share/customized_interfaces/local_setup.sh
[0.954s] -- Up-to-date: /home/razanhmede/session6_assignment-razan/session6_assignment/install/customized_interfaces/share/customized_interfaces/local_setup.zsh
[0.955s] -- Up-to-date: /home/razanhmede/session6_assignment-razan/session6_assignment/install/customized_interfaces/share/customized_interfaces/local_setup.dsv
[0.955s] -- Installing: /home/razanhmede/session6_assignment-razan/session6_assignment/install/customized_interfaces/share/customized_interfaces/package.dsv
[0.955s] -- Up-to-date: /home/razanhmede/session6_assignment-razan/session6_assignment/install/customized_interfaces/share/ament_index/resource_index/packages/customized_interfaces
[0.955s] -- Up-to-date: /home/razanhmede/session6_assignment-razan/session6_assignment/install/customized_interfaces/share/customized_interfaces/cmake/export_customized_interfaces__rosidl_generator_cExport.cmake
[0.955s] -- Up-to-date: /home/razanhmede/session6_assignment-razan/session6_assignment/install/customized_interfaces/share/customized_interfaces/cmake/export_customized_interfaces__rosidl_generator_cExport-noconfig.cmake
[0.955s] -- Up-to-date: /home/razanhmede/session6_assignment-razan/session6_assignment/install/customized_interfaces/share/customized_interfaces/cmake/export_customized_interfaces__rosidl_typesupport_fastrtps_cExport.cmake
[0.955s] -- Up-to-date: /home/razanhmede/session6_assignment-razan/session6_assignment/install/customized_interfaces/share/customized_interfaces/cmake/export_customized_interfaces__rosidl_typesupport_fastrtps_cExport-noconfig.cmake
[0.955s] -- Up-to-date: /home/razanhmede/session6_assignment-razan/session6_assignment/install/customized_interfaces/share/customized_interfaces/cmake/customized_interfaces__rosidl_typesupport_introspection_cExport.cmake
[0.955s] -- Up-to-date: /home/razanhmede/session6_assignment-razan/session6_assignment/install/customized_interfaces/share/customized_interfaces/cmake/customized_interfaces__rosidl_typesupport_introspection_cExport-noconfig.cmake
[0.955s] -- Up-to-date: /home/razanhmede/session6_assignment-razan/session6_assignment/install/customized_interfaces/share/customized_interfaces/cmake/customized_interfaces__rosidl_typesupport_cExport.cmake
[0.955s] -- Up-to-date: /home/razanhmede/session6_assignment-razan/session6_assignment/install/customized_interfaces/share/customized_interfaces/cmake/customized_interfaces__rosidl_typesupport_cExport-noconfig.cmake
[0.955s] -- Up-to-date: /home/razanhmede/session6_assignment-razan/session6_assignment/install/customized_interfaces/share/customized_interfaces/cmake/export_customized_interfaces__rosidl_generator_cppExport.cmake
[0.955s] -- Up-to-date: /home/razanhmede/session6_assignment-razan/session6_assignment/install/customized_interfaces/share/customized_interfaces/cmake/export_customized_interfaces__rosidl_typesupport_fastrtps_cppExport.cmake
[0.955s] -- Up-to-date: /home/razanhmede/session6_assignment-razan/session6_assignment/install/customized_interfaces/share/customized_interfaces/cmake/export_customized_interfaces__rosidl_typesupport_fastrtps_cppExport-noconfig.cmake
[0.955s] -- Up-to-date: /home/razanhmede/session6_assignment-razan/session6_assignment/install/customized_interfaces/share/customized_interfaces/cmake/customized_interfaces__rosidl_typesupport_introspection_cppExport.cmake
[0.955s] -- Up-to-date: /home/razanhmede/session6_assignment-razan/session6_assignment/install/customized_interfaces/share/customized_interfaces/cmake/customized_interfaces__rosidl_typesupport_introspection_cppExport-noconfig.cmake
[0.955s] -- Up-to-date: /home/razanhmede/session6_assignment-razan/session6_assignment/install/customized_interfaces/share/customized_interfaces/cmake/customized_interfaces__rosidl_typesupport_cppExport.cmake
[0.956s] -- Up-to-date: /home/razanhmede/session6_assignment-razan/session6_assignment/install/customized_interfaces/share/customized_interfaces/cmake/customized_interfaces__rosidl_typesupport_cppExport-noconfig.cmake
[0.956s] -- Up-to-date: /home/razanhmede/session6_assignment-razan/session6_assignment/install/customized_interfaces/share/customized_interfaces/cmake/export_customized_interfaces__rosidl_generator_pyExport.cmake
[0.956s] -- Up-to-date: /home/razanhmede/session6_assignment-razan/session6_assignment/install/customized_interfaces/share/customized_interfaces/cmake/export_customized_interfaces__rosidl_generator_pyExport-noconfig.cmake
[0.956s] -- Up-to-date: /home/razanhmede/session6_assignment-razan/session6_assignment/install/customized_interfaces/share/customized_interfaces/cmake/rosidl_cmake-extras.cmake
[0.956s] -- Up-to-date: /home/razanhmede/session6_assignment-razan/session6_assignment/install/customized_interfaces/share/customized_interfaces/cmake/ament_cmake_export_dependencies-extras.cmake
[0.956s] -- Up-to-date: /home/razanhmede/session6_assignment-razan/session6_assignment/install/customized_interfaces/share/customized_interfaces/cmake/ament_cmake_export_include_directories-extras.cmake
[0.956s] -- Up-to-date: /home/razanhmede/session6_assignment-razan/session6_assignment/install/customized_interfaces/share/customized_interfaces/cmake/ament_cmake_export_libraries-extras.cmake
[0.956s] -- Up-to-date: /home/razanhmede/session6_assignment-razan/session6_assignment/install/customized_interfaces/share/customized_interfaces/cmake/ament_cmake_export_targets-extras.cmake
[0.956s] -- Up-to-date: /home/razanhmede/session6_assignment-razan/session6_assignment/install/customized_interfaces/share/customized_interfaces/cmake/rosidl_cmake_export_typesupport_targets-extras.cmake
[0.956s] -- Up-to-date: /home/razanhmede/session6_assignment-razan/session6_assignment/install/customized_interfaces/share/customized_interfaces/cmake/rosidl_cmake_export_typesupport_libraries-extras.cmake
[0.956s] -- Up-to-date: /home/razanhmede/session6_assignment-razan/session6_assignment/install/customized_interfaces/share/customized_interfaces/cmake/customized_interfacesConfig.cmake
[0.957s] -- Up-to-date: /home/razanhmede/session6_assignment-razan/session6_assignment/install/customized_interfaces/share/customized_interfaces/cmake/customized_interfacesConfig-version.cmake
[0.957s] -- Up-to-date: /home/razanhmede/session6_assignment-razan/session6_assignment/install/customized_interfaces/share/customized_interfaces/package.xml
[0.957s] Invoked command in '/home/razanhmede/session6_assignment-razan/session6_assignment/build/customized_interfaces' returned '0': CMAKE_PREFIX_PATH=${CMAKE_PREFIX_PATH}:/home/razanhmede/session6_assignment-razan/session6_assignment/install/warehouse_robot:/opt/ros/humble /usr/bin/cmake --install /home/razanhmede/session6_assignment-razan/session6_assignment/build/customized_interfaces
