[1.260s] Invoking command in '/home/razanhmede/session6_assignment-razan/session6_assignment/src/warehouse_robot': PYTHONPATH=/home/razanhmede/session6_assignment-razan/session6_assignment/build/warehouse_robot/prefix_override:/usr/lib/python3/dist-packages/colcon_core/task/python/colcon_distutils_commands:/home/razanhmede/session6_assignment-razan/session6_assignment/install/warehouse_robot/lib/python3.10/site-packages:${PYTHONPATH} /usr/bin/python3 -W ignore:setup.py install is deprecated setup.py egg_info --egg-base ../../build/warehouse_robot build --build-base /home/razanhmede/session6_assignment-razan/session6_assignment/build/warehouse_robot/build install --record /home/razanhmede/session6_assignment-razan/session6_assignment/build/warehouse_robot/install.log --single-version-externally-managed install_data
[1.562s] running egg_info
[1.562s] writing ../../build/warehouse_robot/warehouse_robot.egg-info/PKG-INFO
[1.562s] writing dependency_links to ../../build/warehouse_robot/warehouse_robot.egg-info/dependency_links.txt
[1.562s] writing entry points to ../../build/warehouse_robot/warehouse_robot.egg-info/entry_points.txt
[1.563s] writing requirements to ../../build/warehouse_robot/warehouse_robot.egg-info/requires.txt
[1.563s] writing top-level names to ../../build/warehouse_robot/warehouse_robot.egg-info/top_level.txt
[1.568s] reading manifest file '../../build/warehouse_robot/warehouse_robot.egg-info/SOURCES.txt'
[1.632s] writing manifest file '../../build/warehouse_robot/warehouse_robot.egg-info/SOURCES.txt'
[1.632s] running build
[1.632s] running build_py
[1.633s] running install
[1.634s] running install_lib
[1.635s] running install_data
[1.636s] copying package.xml -> /home/razanhmede/session6_assignment-razan/session6_assignment/install/warehouse_robot/share/warehouse_robot
[1.636s] running install_egg_info
[1.638s] removing '/home/razanhmede/session6_assignment-razan/session6_assignment/install/warehouse_robot/lib/python3.10/site-packages/warehouse_robot-0.0.0-py3.10.egg-info' (and everything under it)
[1.639s] Copying ../../build/warehouse_robot/warehouse_robot.egg-info to /home/razanhmede/session6_assignment-razan/session6_assignment/install/warehouse_robot/lib/python3.10/site-packages/warehouse_robot-0.0.0-py3.10.egg-info
[1.641s] running install_scripts
[1.662s] Installing stock_checker_client script to /home/razanhmede/session6_assignment-razan/session6_assignment/install/warehouse_robot/lib/warehouse_robot
[1.663s] Installing stock_checker_server script to /home/razanhmede/session6_assignment-razan/session6_assignment/install/warehouse_robot/lib/warehouse_robot
[1.663s] writing list of installed files to '/home/razanhmede/session6_assignment-razan/session6_assignment/build/warehouse_robot/install.log'
[1.689s] Invoked command in '/home/razanhmede/session6_assignment-razan/session6_assignment/src/warehouse_robot' returned '0': PYTHONPATH=/home/razanhmede/session6_assignment-razan/session6_assignment/build/warehouse_robot/prefix_override:/usr/lib/python3/dist-packages/colcon_core/task/python/colcon_distutils_commands:/home/razanhmede/session6_assignment-razan/session6_assignment/install/warehouse_robot/lib/python3.10/site-packages:${PYTHONPATH} /usr/bin/python3 -W ignore:setup.py install is deprecated setup.py egg_info --egg-base ../../build/warehouse_robot build --build-base /home/razanhmede/session6_assignment-razan/session6_assignment/build/warehouse_robot/build install --record /home/razanhmede/session6_assignment-razan/session6_assignment/build/warehouse_robot/install.log --single-version-externally-managed install_data
