[0.631s] Invoking command in '/home/razanhmede/session6_assignment-razan/session6_assignment/src/warehouse_robot': PYTHONPATH=/home/razanhmede/session6_assignment-razan/session6_assignment/build/warehouse_robot/prefix_override:/usr/lib/python3/dist-packages/colcon_core/task/python/colcon_distutils_commands:/home/razanhmede/session6_assignment-razan/session6_assignment/install/warehouse_robot/lib/python3.10/site-packages:${PYTHONPATH} /usr/bin/python3 -W ignore:setup.py install is deprecated setup.py egg_info --egg-base ../../build/warehouse_robot build --build-base /home/razanhmede/session6_assignment-razan/session6_assignment/build/warehouse_robot/build install --record /home/razanhmede/session6_assignment-razan/session6_assignment/build/warehouse_robot/install.log --single-version-externally-managed install_data
[0.869s] running egg_info
[0.871s] writing ../../build/warehouse_robot/warehouse_robot.egg-info/PKG-INFO
[0.872s] writing dependency_links to ../../build/warehouse_robot/warehouse_robot.egg-info/dependency_links.txt
[0.873s] writing entry points to ../../build/warehouse_robot/warehouse_robot.egg-info/entry_points.txt
[0.874s] writing requirements to ../../build/warehouse_robot/warehouse_robot.egg-info/requires.txt
[0.876s] writing top-level names to ../../build/warehouse_robot/warehouse_robot.egg-info/top_level.txt
[0.880s] reading manifest file '../../build/warehouse_robot/warehouse_robot.egg-info/SOURCES.txt'
[0.881s] writing manifest file '../../build/warehouse_robot/warehouse_robot.egg-info/SOURCES.txt'
[0.882s] running build
[0.882s] running build_py
[0.883s] copying warehouse_robot/stock_checker_service_client.py -> /home/razanhmede/session6_assignment-razan/session6_assignment/build/warehouse_robot/build/lib/warehouse_robot
[0.883s] copying warehouse_robot/stock_checker_service_server.py -> /home/razanhmede/session6_assignment-razan/session6_assignment/build/warehouse_robot/build/lib/warehouse_robot
[0.884s] running install
[0.885s] running install_lib
[0.886s] copying /home/razanhmede/session6_assignment-razan/session6_assignment/build/warehouse_robot/build/lib/warehouse_robot/stock_checker_service_client.py -> /home/razanhmede/session6_assignment-razan/session6_assignment/install/warehouse_robot/lib/python3.10/site-packages/warehouse_robot
[0.887s] copying /home/razanhmede/session6_assignment-razan/session6_assignment/build/warehouse_robot/build/lib/warehouse_robot/stock_checker_service_server.py -> /home/razanhmede/session6_assignment-razan/session6_assignment/install/warehouse_robot/lib/python3.10/site-packages/warehouse_robot
[0.888s] byte-compiling /home/razanhmede/session6_assignment-razan/session6_assignment/install/warehouse_robot/lib/python3.10/site-packages/warehouse_robot/stock_checker_service_client.py to stock_checker_service_client.cpython-310.pyc
[0.889s] byte-compiling /home/razanhmede/session6_assignment-razan/session6_assignment/install/warehouse_robot/lib/python3.10/site-packages/warehouse_robot/stock_checker_service_server.py to stock_checker_service_server.cpython-310.pyc
[0.890s] running install_data
[0.890s] running install_egg_info
[0.892s] removing '/home/razanhmede/session6_assignment-razan/session6_assignment/install/warehouse_robot/lib/python3.10/site-packages/warehouse_robot-0.0.0-py3.10.egg-info' (and everything under it)
[0.893s] Copying ../../build/warehouse_robot/warehouse_robot.egg-info to /home/razanhmede/session6_assignment-razan/session6_assignment/install/warehouse_robot/lib/python3.10/site-packages/warehouse_robot-0.0.0-py3.10.egg-info
[0.894s] running install_scripts
[0.917s] Installing stock_checker_service_client script to /home/razanhmede/session6_assignment-razan/session6_assignment/install/warehouse_robot/lib/warehouse_robot
[0.917s] Installing stock_checker_service_server script to /home/razanhmede/session6_assignment-razan/session6_assignment/install/warehouse_robot/lib/warehouse_robot
[0.918s] writing list of installed files to '/home/razanhmede/session6_assignment-razan/session6_assignment/build/warehouse_robot/install.log'
[0.945s] Invoked command in '/home/razanhmede/session6_assignment-razan/session6_assignment/src/warehouse_robot' returned '0': PYTHONPATH=/home/razanhmede/session6_assignment-razan/session6_assignment/build/warehouse_robot/prefix_override:/usr/lib/python3/dist-packages/colcon_core/task/python/colcon_distutils_commands:/home/razanhmede/session6_assignment-razan/session6_assignment/install/warehouse_robot/lib/python3.10/site-packages:${PYTHONPATH} /usr/bin/python3 -W ignore:setup.py install is deprecated setup.py egg_info --egg-base ../../build/warehouse_robot build --build-base /home/razanhmede/session6_assignment-razan/session6_assignment/build/warehouse_robot/build install --record /home/razanhmede/session6_assignment-razan/session6_assignment/build/warehouse_robot/install.log --single-version-externally-managed install_data
